2022-08-12 10:26:08,430 INFO  [Log] ************* testCheckLogin() Test Initiated ************* 
2022-08-12 10:26:08,430 INFO  [Log]               testCheckLogin() PASSED 
2022-08-12 10:26:08,430 INFO  [Log] ************* testCheckLogin() Test Finished *************
 
2022-08-12 10:26:12,992 INFO  [Log] ************* testSearchBook() Test Initiated ************* 
2022-08-12 10:26:12,992 INFO  [Log]               testSearchBook() PASSED 
2022-08-12 10:26:12,992 INFO  [Log] ************* testSearchBook() Test Finished *************
 
2022-08-12 10:26:38,979 INFO  [Log] ************* testSelectRandomBook() Test Initiated ************* 
2022-08-12 10:26:38,979 ERROR [Log]               testSelectRandomBook() FAILED with cause : no such element: Unable to locate element: {"method":"xpath","selector":"//img[contains(@src,'wi:220')]"}
  (Session info: chrome=104.0.5112.81)
For documentation on this error, please visit: https://selenium.dev/exceptions/#no_such_element
Build info: version: '4.3.0', revision: 'a4995e2c09*'
System info: host: 'KEREMYAKUT', ip: '10.135.32.30', os.name: 'Windows 11', os.arch: 'amd64', os.version: '10.0', java.version: '18.0.1.1'
Driver info: org.openqa.selenium.chrome.ChromeDriver
Command: [f38be24ae151aab75b5c04821f2ddc92, findElement {using=xpath, value=//img[contains(@src,'wi:220')]}]
Capabilities {acceptInsecureCerts: false, browserName: chrome, browserVersion: 104.0.5112.81, chrome: {chromedriverVersion: 104.0.5112.79 (3cf3e8c8a07d..., userDataDir: C:\Users\kerem\AppData\Loca...}, goog:chromeOptions: {debuggerAddress: localhost:59563}, networkConnectionEnabled: false, pageLoadStrategy: normal, platformName: WINDOWS, proxy: Proxy(), se:cdp: ws://localhost:59563/devtoo..., se:cdpVersion: 104.0.5112.81, setWindowRect: true, strictFileInteractability: false, timeouts: {implicit: 0, pageLoad: 300000, script: 30000}, unhandledPromptBehavior: dismiss and notify, webauthn:extension:credBlob: true, webauthn:extension:largeBlob: true, webauthn:virtualAuthenticators: true}
Session ID: f38be24ae151aab75b5c04821f2ddc92 
2022-08-12 10:26:38,982 INFO  [Log] ************* testSelectRandomBook() Test Finished *************
 
2022-08-12 10:26:45,512 INFO  [Log] ************* testAddToCart() Test Initiated ************* 
2022-08-12 10:26:45,512 INFO  [Log]               testAddToCart() PASSED 
2022-08-12 10:26:45,512 INFO  [Log] ************* testAddToCart() Test Finished *************
 
2022-08-12 10:26:48,835 INFO  [Log] ************* testDoubleTheCart() Test Initiated ************* 
2022-08-12 10:26:48,835 INFO  [Log]               testDoubleTheCart() PASSED 
2022-08-12 10:26:48,835 INFO  [Log] ************* testDoubleTheCart() Test Finished *************
 
2022-08-12 10:26:57,802 INFO  [Log] ************* testAddAddress() Test Initiated ************* 
2022-08-12 10:26:57,802 INFO  [Log]               testAddAddress() PASSED 
2022-08-12 10:26:57,802 INFO  [Log] ************* testAddAddress() Test Finished *************
 
2022-08-12 10:27:00,727 INFO  [Log] ************* testSelectShipmentCompany() Test Initiated ************* 
2022-08-12 10:27:00,727 INFO  [Log]               testSelectShipmentCompany() PASSED 
2022-08-12 10:27:00,727 INFO  [Log] ************* testSelectShipmentCompany() Test Finished *************
 
2022-08-12 10:27:05,710 INFO  [Log] ************* testRemoveFromCart() Test Initiated ************* 
2022-08-12 10:27:05,710 INFO  [Log]               testRemoveFromCart() PASSED 
2022-08-12 10:27:05,710 INFO  [Log] ************* testRemoveFromCart() Test Finished *************
 
2022-08-12 10:27:08,353 INFO  [Log] ************* testDeleteAddress() Test Initiated ************* 
2022-08-12 10:27:08,353 INFO  [Log]               testDeleteAddress() PASSED 
2022-08-12 10:27:08,353 INFO  [Log] ************* testDeleteAddress() Test Finished *************
 
2022-08-12 10:27:10,997 INFO  [Log] ************* testLogout() Test Initiated ************* 
2022-08-12 10:27:10,998 INFO  [Log]               testLogout() PASSED 
2022-08-12 10:27:10,998 INFO  [Log] ************* testLogout() Test Finished *************
 
2022-08-12 10:52:34,030 INFO  [Log] ************* testCheckLogin() Test Initiated ************* 
2022-08-12 10:52:34,030 INFO  [Log]               testCheckLogin() PASSED 
2022-08-12 10:52:34,030 INFO  [Log] ************* testCheckLogin() Test Finished *************
 
2022-08-12 10:52:38,291 INFO  [Log] ************* testSearchBook() Test Initiated ************* 
2022-08-12 10:52:38,291 INFO  [Log]               testSearchBook() PASSED 
2022-08-12 10:52:38,291 INFO  [Log] ************* testSearchBook() Test Finished *************
 
2022-08-12 10:52:47,229 INFO  [Log] ************* testSelectRandomBook() Test Initiated ************* 
2022-08-12 10:52:47,229 INFO  [Log]               testSelectRandomBook() PASSED 
2022-08-12 10:52:47,229 INFO  [Log] ************* testSelectRandomBook() Test Finished *************
 
2022-08-12 10:52:54,501 INFO  [Log] ************* testAddToCart() Test Initiated ************* 
2022-08-12 10:52:54,501 INFO  [Log]               testAddToCart() PASSED 
2022-08-12 10:52:54,501 INFO  [Log] ************* testAddToCart() Test Finished *************
 
2022-08-12 10:52:57,923 INFO  [Log] ************* testDoubleTheCart() Test Initiated ************* 
2022-08-12 10:52:57,923 INFO  [Log]               testDoubleTheCart() PASSED 
2022-08-12 10:52:57,923 INFO  [Log] ************* testDoubleTheCart() Test Finished *************
 
2022-08-12 10:53:06,844 INFO  [Log] ************* testAddAddress() Test Initiated ************* 
2022-08-12 10:53:06,844 INFO  [Log]               testAddAddress() PASSED 
2022-08-12 10:53:06,844 INFO  [Log] ************* testAddAddress() Test Finished *************
 
2022-08-12 10:53:09,836 INFO  [Log] ************* testSelectShipmentCompany() Test Initiated ************* 
2022-08-12 10:53:09,836 INFO  [Log]               testSelectShipmentCompany() PASSED 
2022-08-12 10:53:09,836 INFO  [Log] ************* testSelectShipmentCompany() Test Finished *************
 
2022-08-12 10:53:14,748 INFO  [Log] ************* testRemoveFromCart() Test Initiated ************* 
2022-08-12 10:53:14,748 INFO  [Log]               testRemoveFromCart() PASSED 
2022-08-12 10:53:14,748 INFO  [Log] ************* testRemoveFromCart() Test Finished *************
 
2022-08-12 10:53:14,750 INFO  [Log] ************* testDeleteAddress() Test Initiated ************* 
2022-08-12 10:53:14,750 INFO  [Log]               testDeleteAddress() PASSED 
2022-08-12 10:53:14,750 INFO  [Log] ************* testDeleteAddress() Test Finished *************
 
2022-08-12 10:53:34,810 INFO  [Log] ************* testLogout() Test Initiated ************* 
2022-08-12 10:53:34,810 ERROR [Log]               testLogout() FAILED with cause : no such element: Unable to locate element: {"method":"xpath","selector":"//a[contains(@href,'login')]"}
  (Session info: chrome=104.0.5112.81)
For documentation on this error, please visit: https://selenium.dev/exceptions/#no_such_element
Build info: version: '4.3.0', revision: 'a4995e2c09*'
System info: host: 'KEREMYAKUT', ip: '10.135.32.30', os.name: 'Windows 11', os.arch: 'amd64', os.version: '10.0', java.version: '18.0.1.1'
Driver info: org.openqa.selenium.chrome.ChromeDriver
Command: [c52493baaa474624a3539c4b7e374385, findElement {using=xpath, value=//a[contains(@href,'login')]}]
Capabilities {acceptInsecureCerts: false, browserName: chrome, browserVersion: 104.0.5112.81, chrome: {chromedriverVersion: 104.0.5112.79 (3cf3e8c8a07d..., userDataDir: C:\Users\kerem\AppData\Loca...}, goog:chromeOptions: {debuggerAddress: localhost:59989}, networkConnectionEnabled: false, pageLoadStrategy: normal, platformName: WINDOWS, proxy: Proxy(), se:cdp: ws://localhost:59989/devtoo..., se:cdpVersion: 104.0.5112.81, setWindowRect: true, strictFileInteractability: false, timeouts: {implicit: 0, pageLoad: 300000, script: 30000}, unhandledPromptBehavior: dismiss and notify, webauthn:extension:credBlob: true, webauthn:extension:largeBlob: true, webauthn:virtualAuthenticators: true}
Session ID: c52493baaa474624a3539c4b7e374385 
2022-08-12 10:53:34,810 INFO  [Log] ************* testLogout() Test Finished *************
 
2022-08-12 10:58:12,420 INFO  [Log] ************* testCheckLogin() Test Initiated ************* 
2022-08-12 10:58:12,420 INFO  [Log]               testCheckLogin() PASSED 
2022-08-12 10:58:12,420 INFO  [Log] ************* testCheckLogin() Test Finished *************
 
2022-08-12 10:58:17,034 INFO  [Log] ************* testSearchBook() Test Initiated ************* 
2022-08-12 10:58:17,034 INFO  [Log]               testSearchBook() PASSED 
2022-08-12 10:58:17,034 INFO  [Log] ************* testSearchBook() Test Finished *************
 
2022-08-12 10:58:23,309 INFO  [Log] ************* testSelectRandomBook() Test Initiated ************* 
2022-08-12 10:58:23,309 INFO  [Log]               testSelectRandomBook() PASSED 
2022-08-12 10:58:23,309 INFO  [Log] ************* testSelectRandomBook() Test Finished *************
 
2022-08-12 10:58:31,369 INFO  [Log] ************* testAddToCart() Test Initiated ************* 
2022-08-12 10:58:31,369 INFO  [Log]               testAddToCart() PASSED 
2022-08-12 10:58:31,369 INFO  [Log] ************* testAddToCart() Test Finished *************
 
2022-08-12 10:58:35,794 INFO  [Log] ************* testDoubleTheCart() Test Initiated ************* 
2022-08-12 10:58:35,794 INFO  [Log]               testDoubleTheCart() PASSED 
2022-08-12 10:58:35,794 INFO  [Log] ************* testDoubleTheCart() Test Finished *************
 
2022-08-12 10:58:44,721 INFO  [Log] ************* testAddAddress() Test Initiated ************* 
2022-08-12 10:58:44,721 INFO  [Log]               testAddAddress() PASSED 
2022-08-12 10:58:44,721 INFO  [Log] ************* testAddAddress() Test Finished *************
 
2022-08-12 10:58:47,541 INFO  [Log] ************* testSelectShipmentCompany() Test Initiated ************* 
2022-08-12 10:58:47,541 INFO  [Log]               testSelectShipmentCompany() PASSED 
2022-08-12 10:58:47,541 INFO  [Log] ************* testSelectShipmentCompany() Test Finished *************
 
2022-08-12 10:58:52,413 INFO  [Log] ************* testRemoveFromCart() Test Initiated ************* 
2022-08-12 10:58:52,413 INFO  [Log]               testRemoveFromCart() PASSED 
2022-08-12 10:58:52,413 INFO  [Log] ************* testRemoveFromCart() Test Finished *************
 
2022-08-12 10:58:54,495 INFO  [Log] ************* testDeleteAddress() Test Initiated ************* 
2022-08-12 10:58:54,495 INFO  [Log]               testDeleteAddress() PASSED 
2022-08-12 10:58:54,495 INFO  [Log] ************* testDeleteAddress() Test Finished *************
 
2022-08-12 10:58:56,634 INFO  [Log] ************* testLogout() Test Initiated ************* 
2022-08-12 10:58:56,634 INFO  [Log]               testLogout() PASSED 
2022-08-12 10:58:56,634 INFO  [Log] ************* testLogout() Test Finished *************
 
2022-08-12 10:59:47,518 INFO  [Log] ************* testCheckLogin() Test Initiated ************* 
2022-08-12 10:59:47,518 INFO  [Log]               testCheckLogin() PASSED 
2022-08-12 10:59:47,518 INFO  [Log] ************* testCheckLogin() Test Finished *************
 
2022-08-12 10:59:51,671 INFO  [Log] ************* testSearchBook() Test Initiated ************* 
2022-08-12 10:59:51,671 INFO  [Log]               testSearchBook() PASSED 
2022-08-12 10:59:51,671 INFO  [Log] ************* testSearchBook() Test Finished *************
 
2022-08-12 10:59:59,435 INFO  [Log] ************* testSelectRandomBook() Test Initiated ************* 
2022-08-12 10:59:59,436 INFO  [Log]               testSelectRandomBook() PASSED 
2022-08-12 10:59:59,436 INFO  [Log] ************* testSelectRandomBook() Test Finished *************
 
2022-08-12 11:00:06,776 INFO  [Log] ************* testAddToCart() Test Initiated ************* 
2022-08-12 11:00:06,776 INFO  [Log]               testAddToCart() PASSED 
2022-08-12 11:00:06,776 INFO  [Log] ************* testAddToCart() Test Finished *************
 
2022-08-12 11:00:11,270 INFO  [Log] ************* testDoubleTheCart() Test Initiated ************* 
2022-08-12 11:00:11,270 INFO  [Log]               testDoubleTheCart() PASSED 
2022-08-12 11:00:11,270 INFO  [Log] ************* testDoubleTheCart() Test Finished *************
 
2022-08-12 11:00:20,200 INFO  [Log] ************* testAddAddress() Test Initiated ************* 
2022-08-12 11:00:20,200 INFO  [Log]               testAddAddress() PASSED 
2022-08-12 11:00:20,200 INFO  [Log] ************* testAddAddress() Test Finished *************
 
2022-08-12 11:00:26,187 INFO  [Log] ************* testSelectShipmentCompany() Test Initiated ************* 
2022-08-12 11:00:26,188 INFO  [Log]               testSelectShipmentCompany() PASSED 
2022-08-12 11:00:26,188 INFO  [Log] ************* testSelectShipmentCompany() Test Finished *************
 
2022-08-12 11:00:31,403 INFO  [Log] ************* testRemoveFromCart() Test Initiated ************* 
2022-08-12 11:00:31,403 INFO  [Log]               testRemoveFromCart() PASSED 
2022-08-12 11:00:31,403 INFO  [Log] ************* testRemoveFromCart() Test Finished *************
 
2022-08-12 11:00:33,211 INFO  [Log] ************* testDeleteAddress() Test Initiated ************* 
2022-08-12 11:00:33,211 INFO  [Log]               testDeleteAddress() PASSED 
2022-08-12 11:00:33,211 INFO  [Log] ************* testDeleteAddress() Test Finished *************
 
2022-08-12 11:00:35,277 INFO  [Log] ************* testLogout() Test Initiated ************* 
2022-08-12 11:00:35,277 INFO  [Log]               testLogout() PASSED 
2022-08-12 11:00:35,277 INFO  [Log] ************* testLogout() Test Finished *************
 
2022-08-12 11:01:26,732 INFO  [Log] ************* testCheckLogin() Test Initiated ************* 
2022-08-12 11:01:26,733 INFO  [Log]               testCheckLogin() PASSED 
2022-08-12 11:01:26,733 INFO  [Log] ************* testCheckLogin() Test Finished *************
 
2022-08-12 11:01:31,068 INFO  [Log] ************* testSearchBook() Test Initiated ************* 
2022-08-12 11:01:31,068 INFO  [Log]               testSearchBook() PASSED 
2022-08-12 11:01:31,068 INFO  [Log] ************* testSearchBook() Test Finished *************
 
2022-08-12 11:01:38,323 INFO  [Log] ************* testSelectRandomBook() Test Initiated ************* 
2022-08-12 11:01:38,323 INFO  [Log]               testSelectRandomBook() PASSED 
2022-08-12 11:01:38,323 INFO  [Log] ************* testSelectRandomBook() Test Finished *************
 
2022-08-12 11:01:45,321 INFO  [Log] ************* testAddToCart() Test Initiated ************* 
2022-08-12 11:01:45,321 INFO  [Log]               testAddToCart() PASSED 
2022-08-12 11:01:45,321 INFO  [Log] ************* testAddToCart() Test Finished *************
 
2022-08-12 11:01:49,915 INFO  [Log] ************* testDoubleTheCart() Test Initiated ************* 
2022-08-12 11:01:49,915 INFO  [Log]               testDoubleTheCart() PASSED 
2022-08-12 11:01:49,915 INFO  [Log] ************* testDoubleTheCart() Test Finished *************
 
2022-08-12 11:01:58,865 INFO  [Log] ************* testAddAddress() Test Initiated ************* 
2022-08-12 11:01:58,865 INFO  [Log]               testAddAddress() PASSED 
2022-08-12 11:01:58,865 INFO  [Log] ************* testAddAddress() Test Finished *************
 
2022-08-12 11:02:01,714 INFO  [Log] ************* testSelectShipmentCompany() Test Initiated ************* 
2022-08-12 11:02:01,714 INFO  [Log]               testSelectShipmentCompany() PASSED 
2022-08-12 11:02:01,714 INFO  [Log] ************* testSelectShipmentCompany() Test Finished *************
 
2022-08-12 11:02:06,763 INFO  [Log] ************* testRemoveFromCart() Test Initiated ************* 
2022-08-12 11:02:06,763 INFO  [Log]               testRemoveFromCart() PASSED 
2022-08-12 11:02:06,763 INFO  [Log] ************* testRemoveFromCart() Test Finished *************
 
2022-08-12 11:02:08,377 INFO  [Log] ************* testDeleteAddress() Test Initiated ************* 
2022-08-12 11:02:08,378 ERROR [Log]               testDeleteAddress() FAILED with cause : Invalid Addresses ==> expected: <true> but was: <false> 
2022-08-12 11:02:08,378 INFO  [Log] ************* testDeleteAddress() Test Finished *************
 
2022-08-12 11:02:11,073 INFO  [Log] ************* testLogout() Test Initiated ************* 
2022-08-12 11:02:11,073 INFO  [Log]               testLogout() PASSED 
2022-08-12 11:02:11,073 INFO  [Log] ************* testLogout() Test Finished *************
 
2022-08-12 11:06:09,032 INFO  [Log] ************* testCheckLogin() Test Initiated ************* 
2022-08-12 11:06:09,032 INFO  [Log]               testCheckLogin() PASSED 
2022-08-12 11:06:09,032 INFO  [Log] ************* testCheckLogin() Test Finished *************
 
2022-08-12 11:06:13,266 INFO  [Log] ************* testSearchBook() Test Initiated ************* 
2022-08-12 11:06:13,266 INFO  [Log]               testSearchBook() PASSED 
2022-08-12 11:06:13,266 INFO  [Log] ************* testSearchBook() Test Finished *************
 
2022-08-12 11:06:19,093 INFO  [Log] ************* testSelectRandomBook() Test Initiated ************* 
2022-08-12 11:06:19,093 INFO  [Log]               testSelectRandomBook() PASSED 
2022-08-12 11:06:19,093 INFO  [Log] ************* testSelectRandomBook() Test Finished *************
 
2022-08-12 11:06:27,555 INFO  [Log] ************* testAddToCart() Test Initiated ************* 
2022-08-12 11:06:27,555 INFO  [Log]               testAddToCart() PASSED 
2022-08-12 11:06:27,555 INFO  [Log] ************* testAddToCart() Test Finished *************
 
2022-08-12 11:06:32,653 INFO  [Log] ************* testDoubleTheCart() Test Initiated ************* 
2022-08-12 11:06:32,653 INFO  [Log]               testDoubleTheCart() PASSED 
2022-08-12 11:06:32,653 INFO  [Log] ************* testDoubleTheCart() Test Finished *************
 
2022-08-12 11:06:41,569 INFO  [Log] ************* testAddAddress() Test Initiated ************* 
2022-08-12 11:06:41,569 INFO  [Log]               testAddAddress() PASSED 
2022-08-12 11:06:41,569 INFO  [Log] ************* testAddAddress() Test Finished *************
 
2022-08-12 11:06:44,050 INFO  [Log] ************* testSelectShipmentCompany() Test Initiated ************* 
2022-08-12 11:06:44,050 INFO  [Log]               testSelectShipmentCompany() PASSED 
2022-08-12 11:06:44,050 INFO  [Log] ************* testSelectShipmentCompany() Test Finished *************
 
2022-08-12 11:06:44,052 INFO  [Log] testRemoveFromCart() Test Disabled 
2022-08-12 11:06:44,054 INFO  [Log] testDeleteAddress() Test Disabled 
2022-08-12 11:06:44,056 INFO  [Log] testLogout() Test Disabled 
2022-08-12 11:12:29,762 INFO  [Log] ************* testCheckLogin() Test Initiated ************* 
2022-08-12 11:12:29,762 INFO  [Log]               testCheckLogin() PASSED 
2022-08-12 11:12:29,762 INFO  [Log] ************* testCheckLogin() Test Finished *************
 
2022-08-12 11:12:34,081 INFO  [Log] ************* testSearchBook() Test Initiated ************* 
2022-08-12 11:12:34,082 INFO  [Log]               testSearchBook() PASSED 
2022-08-12 11:12:34,082 INFO  [Log] ************* testSearchBook() Test Finished *************
 
2022-08-12 11:12:41,651 INFO  [Log] ************* testSelectRandomBook() Test Initiated ************* 
2022-08-12 11:12:41,651 INFO  [Log]               testSelectRandomBook() PASSED 
2022-08-12 11:12:41,651 INFO  [Log] ************* testSelectRandomBook() Test Finished *************
 
2022-08-12 11:12:48,647 INFO  [Log] ************* testAddToCart() Test Initiated ************* 
2022-08-12 11:12:48,647 INFO  [Log]               testAddToCart() PASSED 
2022-08-12 11:12:48,647 INFO  [Log] ************* testAddToCart() Test Finished *************
 
2022-08-12 11:12:52,097 INFO  [Log] ************* testDoubleTheCart() Test Initiated ************* 
2022-08-12 11:12:52,097 INFO  [Log]               testDoubleTheCart() PASSED 
2022-08-12 11:12:52,097 INFO  [Log] ************* testDoubleTheCart() Test Finished *************
 
2022-08-12 11:13:01,072 INFO  [Log] ************* testAddAddress() Test Initiated ************* 
2022-08-12 11:13:01,072 INFO  [Log]               testAddAddress() PASSED 
2022-08-12 11:13:01,072 INFO  [Log] ************* testAddAddress() Test Finished *************
 
2022-08-12 11:13:24,144 INFO  [Log] ************* testSelectShipmentCompany() Test Initiated ************* 
2022-08-12 11:13:24,144 ERROR [Log]               testSelectShipmentCompany() FAILED with cause : no such element: Unable to locate element: {"method":"link text","selector":"PTT Kargo:"}
  (Session info: chrome=104.0.5112.81)
For documentation on this error, please visit: https://selenium.dev/exceptions/#no_such_element
Build info: version: '4.3.0', revision: 'a4995e2c09*'
System info: host: 'KEREMYAKUT', ip: '10.135.32.30', os.name: 'Windows 11', os.arch: 'amd64', os.version: '10.0', java.version: '18.0.1.1'
Driver info: org.openqa.selenium.chrome.ChromeDriver
Command: [ce490027d2557b602be4e25e02a977d2, findElement {using=link text, value=PTT Kargo:}]
Capabilities {acceptInsecureCerts: false, browserName: chrome, browserVersion: 104.0.5112.81, chrome: {chromedriverVersion: 104.0.5112.79 (3cf3e8c8a07d..., userDataDir: C:\Users\kerem\AppData\Loca...}, goog:chromeOptions: {debuggerAddress: localhost:60896}, networkConnectionEnabled: false, pageLoadStrategy: normal, platformName: WINDOWS, proxy: Proxy(), se:cdp: ws://localhost:60896/devtoo..., se:cdpVersion: 104.0.5112.81, setWindowRect: true, strictFileInteractability: false, timeouts: {implicit: 0, pageLoad: 300000, script: 30000}, unhandledPromptBehavior: dismiss and notify, webauthn:extension:credBlob: true, webauthn:extension:largeBlob: true, webauthn:virtualAuthenticators: true}
Session ID: ce490027d2557b602be4e25e02a977d2 
2022-08-12 11:13:24,144 INFO  [Log] ************* testSelectShipmentCompany() Test Finished *************
 
2022-08-12 11:13:24,159 INFO  [Log] testRemoveFromCart() Test Disabled 
2022-08-12 11:13:24,159 INFO  [Log] testDeleteAddress() Test Disabled 
2022-08-12 11:13:24,159 INFO  [Log] testLogout() Test Disabled 
2022-08-12 11:15:14,618 INFO  [Log] ************* testCheckLogin() Test Initiated ************* 
2022-08-12 11:15:14,618 INFO  [Log]               testCheckLogin() PASSED 
2022-08-12 11:15:14,618 INFO  [Log] ************* testCheckLogin() Test Finished *************
 
2022-08-12 11:15:18,832 INFO  [Log] ************* testSearchBook() Test Initiated ************* 
2022-08-12 11:15:18,832 INFO  [Log]               testSearchBook() PASSED 
2022-08-12 11:15:18,832 INFO  [Log] ************* testSearchBook() Test Finished *************
 
2022-08-12 11:15:26,621 INFO  [Log] ************* testSelectRandomBook() Test Initiated ************* 
2022-08-12 11:15:26,621 INFO  [Log]               testSelectRandomBook() PASSED 
2022-08-12 11:15:26,621 INFO  [Log] ************* testSelectRandomBook() Test Finished *************
 
2022-08-12 11:15:33,503 INFO  [Log] ************* testAddToCart() Test Initiated ************* 
2022-08-12 11:15:33,503 INFO  [Log]               testAddToCart() PASSED 
2022-08-12 11:15:33,503 INFO  [Log] ************* testAddToCart() Test Finished *************
 
2022-08-12 11:15:38,825 INFO  [Log] ************* testDoubleTheCart() Test Initiated ************* 
2022-08-12 11:15:38,825 INFO  [Log]               testDoubleTheCart() PASSED 
2022-08-12 11:15:38,825 INFO  [Log] ************* testDoubleTheCart() Test Finished *************
 
2022-08-12 11:15:47,843 INFO  [Log] ************* testAddAddress() Test Initiated ************* 
2022-08-12 11:15:47,843 INFO  [Log]               testAddAddress() PASSED 
2022-08-12 11:15:47,843 INFO  [Log] ************* testAddAddress() Test Finished *************
 
2022-08-12 11:16:10,893 INFO  [Log] ************* testSelectShipmentCompany() Test Initiated ************* 
2022-08-12 11:16:10,893 ERROR [Log]               testSelectShipmentCompany() FAILED with cause : no such element: Unable to locate element: {"method":"partial link text","selector":"PTT Kargo:"}
  (Session info: chrome=104.0.5112.81)
For documentation on this error, please visit: https://selenium.dev/exceptions/#no_such_element
Build info: version: '4.3.0', revision: 'a4995e2c09*'
System info: host: 'KEREMYAKUT', ip: '10.135.32.30', os.name: 'Windows 11', os.arch: 'amd64', os.version: '10.0', java.version: '18.0.1.1'
Driver info: org.openqa.selenium.chrome.ChromeDriver
Command: [d7b17c74f09c290d8d41d540eebe52d1, findElement {using=partial link text, value=PTT Kargo:}]
Capabilities {acceptInsecureCerts: false, browserName: chrome, browserVersion: 104.0.5112.81, chrome: {chromedriverVersion: 104.0.5112.79 (3cf3e8c8a07d..., userDataDir: C:\Users\kerem\AppData\Loca...}, goog:chromeOptions: {debuggerAddress: localhost:61015}, networkConnectionEnabled: false, pageLoadStrategy: normal, platformName: WINDOWS, proxy: Proxy(), se:cdp: ws://localhost:61015/devtoo..., se:cdpVersion: 104.0.5112.81, setWindowRect: true, strictFileInteractability: false, timeouts: {implicit: 0, pageLoad: 300000, script: 30000}, unhandledPromptBehavior: dismiss and notify, webauthn:extension:credBlob: true, webauthn:extension:largeBlob: true, webauthn:virtualAuthenticators: true}
Session ID: d7b17c74f09c290d8d41d540eebe52d1 
2022-08-12 11:16:10,893 INFO  [Log] ************* testSelectShipmentCompany() Test Finished *************
 
2022-08-12 11:16:10,909 INFO  [Log] testRemoveFromCart() Test Disabled 
2022-08-12 11:16:10,909 INFO  [Log] testDeleteAddress() Test Disabled 
2022-08-12 11:16:10,909 INFO  [Log] testLogout() Test Disabled 
2022-08-12 13:17:34,231 INFO  [Log] ************* testCheckLogin() Test Initiated ************* 
2022-08-12 13:17:34,231 INFO  [Log]               testCheckLogin() PASSED 
2022-08-12 13:17:34,231 INFO  [Log] ************* testCheckLogin() Test Finished *************
 
2022-08-12 13:17:38,483 INFO  [Log] ************* testSearchBook() Test Initiated ************* 
2022-08-12 13:17:38,483 INFO  [Log]               testSearchBook() PASSED 
2022-08-12 13:17:38,483 INFO  [Log] ************* testSearchBook() Test Finished *************
 
2022-08-12 13:17:45,592 INFO  [Log] ************* testSelectRandomBook() Test Initiated ************* 
2022-08-12 13:17:45,592 INFO  [Log]               testSelectRandomBook() PASSED 
2022-08-12 13:17:45,592 INFO  [Log] ************* testSelectRandomBook() Test Finished *************
 
2022-08-12 13:17:53,629 INFO  [Log] ************* testAddToCart() Test Initiated ************* 
2022-08-12 13:17:53,629 ERROR [Log]               testAddToCart() FAILED with cause : Invalid Cart ==> expected: <true> but was: <false> 
2022-08-12 13:17:53,629 INFO  [Log] ************* testAddToCart() Test Finished *************
 
2022-08-12 13:18:19,545 INFO  [Log] ************* testDoubleTheCart() Test Initiated ************* 
2022-08-12 13:18:19,545 ERROR [Log]               testDoubleTheCart() FAILED with cause : no such element: Unable to locate element: {"method":"css selector","selector":"*[name='quantity']"}
  (Session info: chrome=104.0.5112.81)
For documentation on this error, please visit: https://selenium.dev/exceptions/#no_such_element
Build info: version: '4.3.0', revision: 'a4995e2c09*'
System info: host: 'KEREMYAKUT', ip: '10.135.32.30', os.name: 'Windows 11', os.arch: 'amd64', os.version: '10.0', java.version: '18.0.1.1'
Driver info: org.openqa.selenium.chrome.ChromeDriver
Command: [8d24f1ef1bb564301e0ae3a12871f447, findElement {using=name, value=quantity}]
Capabilities {acceptInsecureCerts: false, browserName: chrome, browserVersion: 104.0.5112.81, chrome: {chromedriverVersion: 104.0.5112.79 (3cf3e8c8a07d..., userDataDir: C:\Users\kerem\AppData\Loca...}, goog:chromeOptions: {debuggerAddress: localhost:56398}, networkConnectionEnabled: false, pageLoadStrategy: normal, platformName: WINDOWS, proxy: Proxy(), se:cdp: ws://localhost:56398/devtoo..., se:cdpVersion: 104.0.5112.81, setWindowRect: true, strictFileInteractability: false, timeouts: {implicit: 0, pageLoad: 300000, script: 30000}, unhandledPromptBehavior: dismiss and notify, webauthn:extension:credBlob: true, webauthn:extension:largeBlob: true, webauthn:virtualAuthenticators: true}
Session ID: 8d24f1ef1bb564301e0ae3a12871f447 
2022-08-12 13:18:19,545 INFO  [Log] ************* testDoubleTheCart() Test Finished *************
 
2022-08-12 13:18:30,031 INFO  [Log] ************* testAddAddress() Test Initiated ************* 
2022-08-12 13:18:30,031 INFO  [Log]               testAddAddress() PASSED 
2022-08-12 13:18:30,031 INFO  [Log] ************* testAddAddress() Test Finished *************
 
2022-08-12 13:18:33,417 INFO  [Log] ************* testSelectShipmentCompany() Test Initiated ************* 
2022-08-12 13:18:33,417 INFO  [Log]               testSelectShipmentCompany() PASSED 
2022-08-12 13:18:33,417 INFO  [Log] ************* testSelectShipmentCompany() Test Finished *************
 
2022-08-12 13:18:38,731 INFO  [Log] ************* testRemoveFromCart() Test Initiated ************* 
2022-08-12 13:18:38,731 INFO  [Log]               testRemoveFromCart() PASSED 
2022-08-12 13:18:38,731 INFO  [Log] ************* testRemoveFromCart() Test Finished *************
 
2022-08-12 13:18:41,544 INFO  [Log] ************* testDeleteAddress() Test Initiated ************* 
2022-08-12 13:18:41,544 INFO  [Log]               testDeleteAddress() PASSED 
2022-08-12 13:18:41,544 INFO  [Log] ************* testDeleteAddress() Test Finished *************
 
2022-08-12 13:18:44,534 INFO  [Log] ************* testLogout() Test Initiated ************* 
2022-08-12 13:18:44,534 INFO  [Log]               testLogout() PASSED 
2022-08-12 13:18:44,534 INFO  [Log] ************* testLogout() Test Finished *************
 
2022-08-12 13:21:07,476 INFO  [Log] ************* testCheckLogin() Test Initiated ************* 
2022-08-12 13:21:07,476 INFO  [Log]               testCheckLogin() PASSED 
2022-08-12 13:21:07,476 INFO  [Log] ************* testCheckLogin() Test Finished *************
 
2022-08-12 13:21:12,186 INFO  [Log] ************* testSearchBook() Test Initiated ************* 
2022-08-12 13:21:12,186 INFO  [Log]               testSearchBook() PASSED 
2022-08-12 13:21:12,186 INFO  [Log] ************* testSearchBook() Test Finished *************
 
2022-08-12 13:21:22,528 INFO  [Log] ************* testSelectRandomBook() Test Initiated ************* 
2022-08-12 13:21:22,528 INFO  [Log]               testSelectRandomBook() PASSED 
2022-08-12 13:21:22,528 INFO  [Log] ************* testSelectRandomBook() Test Finished *************
 
2022-08-12 13:21:31,207 INFO  [Log] ************* testAddToCart() Test Initiated ************* 
2022-08-12 13:21:31,207 ERROR [Log]               testAddToCart() FAILED with cause : Invalid Cart ==> expected: <true> but was: <false> 
2022-08-12 13:21:31,207 INFO  [Log] ************* testAddToCart() Test Finished *************
 
2022-08-12 13:21:57,133 INFO  [Log] ************* testDoubleTheCart() Test Initiated ************* 
2022-08-12 13:21:57,133 ERROR [Log]               testDoubleTheCart() FAILED with cause : no such element: Unable to locate element: {"method":"css selector","selector":"*[name='quantity']"}
  (Session info: chrome=104.0.5112.81)
For documentation on this error, please visit: https://selenium.dev/exceptions/#no_such_element
Build info: version: '4.3.0', revision: 'a4995e2c09*'
System info: host: 'KEREMYAKUT', ip: '10.135.32.30', os.name: 'Windows 11', os.arch: 'amd64', os.version: '10.0', java.version: '18.0.1.1'
Driver info: org.openqa.selenium.chrome.ChromeDriver
Command: [a88c4a5336415e74f0e9c110ff876c35, findElement {using=name, value=quantity}]
Capabilities {acceptInsecureCerts: false, browserName: chrome, browserVersion: 104.0.5112.81, chrome: {chromedriverVersion: 104.0.5112.79 (3cf3e8c8a07d..., userDataDir: C:\Users\kerem\AppData\Loca...}, goog:chromeOptions: {debuggerAddress: localhost:57138}, networkConnectionEnabled: false, pageLoadStrategy: normal, platformName: WINDOWS, proxy: Proxy(), se:cdp: ws://localhost:57138/devtoo..., se:cdpVersion: 104.0.5112.81, setWindowRect: true, strictFileInteractability: false, timeouts: {implicit: 0, pageLoad: 300000, script: 30000}, unhandledPromptBehavior: dismiss and notify, webauthn:extension:credBlob: true, webauthn:extension:largeBlob: true, webauthn:virtualAuthenticators: true}
Session ID: a88c4a5336415e74f0e9c110ff876c35 
2022-08-12 13:21:57,133 INFO  [Log] ************* testDoubleTheCart() Test Finished *************
 
2022-08-12 13:22:06,050 INFO  [Log] ************* testAddAddress() Test Initiated ************* 
2022-08-12 13:22:06,050 INFO  [Log]               testAddAddress() PASSED 
2022-08-12 13:22:06,050 INFO  [Log] ************* testAddAddress() Test Finished *************
 
2022-08-12 13:22:09,187 INFO  [Log] ************* testSelectShipmentCompany() Test Initiated ************* 
2022-08-12 13:22:09,187 INFO  [Log]               testSelectShipmentCompany() PASSED 
2022-08-12 13:22:09,187 INFO  [Log] ************* testSelectShipmentCompany() Test Finished *************
 
2022-08-12 13:22:14,505 INFO  [Log] ************* testRemoveFromCart() Test Initiated ************* 
2022-08-12 13:22:14,505 INFO  [Log]               testRemoveFromCart() PASSED 
2022-08-12 13:22:14,505 INFO  [Log] ************* testRemoveFromCart() Test Finished *************
 
2022-08-12 13:22:17,589 INFO  [Log] ************* testDeleteAddress() Test Initiated ************* 
2022-08-12 13:22:17,589 INFO  [Log]               testDeleteAddress() PASSED 
2022-08-12 13:22:17,589 INFO  [Log] ************* testDeleteAddress() Test Finished *************
 
2022-08-12 13:22:20,125 INFO  [Log] ************* testLogout() Test Initiated ************* 
2022-08-12 13:22:20,125 INFO  [Log]               testLogout() PASSED 
2022-08-12 13:22:20,125 INFO  [Log] ************* testLogout() Test Finished *************
 
2022-08-12 13:23:05,881 INFO  [Log] ************* testCheckLogin() Test Initiated ************* 
2022-08-12 13:23:05,881 INFO  [Log]               testCheckLogin() PASSED 
2022-08-12 13:23:05,881 INFO  [Log] ************* testCheckLogin() Test Finished *************
 
2022-08-12 13:23:10,892 INFO  [Log] ************* testSearchBook() Test Initiated ************* 
2022-08-12 13:23:10,892 INFO  [Log]               testSearchBook() PASSED 
2022-08-12 13:23:10,892 INFO  [Log] ************* testSearchBook() Test Finished *************
 
2022-08-12 13:23:21,838 INFO  [Log] ************* testSelectRandomBook() Test Initiated ************* 
2022-08-12 13:23:21,838 INFO  [Log]               testSelectRandomBook() PASSED 
2022-08-12 13:23:21,838 INFO  [Log] ************* testSelectRandomBook() Test Finished *************
 
2022-08-12 13:24:20,117 INFO  [Log] ************* testAddToCart() Test Initiated ************* 
2022-08-12 13:24:20,117 ERROR [Log]               testAddToCart() FAILED with cause : Invalid Cart ==> expected: <true> but was: <false> 
2022-08-12 13:24:20,117 INFO  [Log] ************* testAddToCart() Test Finished *************
 
2022-08-12 13:33:20,708 INFO  [Log] ************* testCheckLogin() Test Initiated ************* 
2022-08-12 13:33:20,708 INFO  [Log]               testCheckLogin() PASSED 
2022-08-12 13:33:20,708 INFO  [Log] ************* testCheckLogin() Test Finished *************
 
2022-08-12 13:33:25,448 INFO  [Log] ************* testSearchBook() Test Initiated ************* 
2022-08-12 13:33:25,449 INFO  [Log]               testSearchBook() PASSED 
2022-08-12 13:33:25,449 INFO  [Log] ************* testSearchBook() Test Finished *************
 
2022-08-12 13:33:34,412 INFO  [Log] ************* testSelectRandomBook() Test Initiated ************* 
2022-08-12 13:33:34,412 INFO  [Log]               testSelectRandomBook() PASSED 
2022-08-12 13:33:34,412 INFO  [Log] ************* testSelectRandomBook() Test Finished *************
 
2022-08-12 13:34:15,532 INFO  [Log] ************* testAddToCart() Test Initiated ************* 
2022-08-12 13:34:15,532 INFO  [Log]               testAddToCart() PASSED 
2022-08-12 13:34:15,532 INFO  [Log] ************* testAddToCart() Test Finished *************
 
2022-08-12 13:34:36,020 INFO  [Log] ************* testDoubleTheCart() Test Initiated ************* 
2022-08-12 13:34:36,020 ERROR [Log]               testDoubleTheCart() FAILED with cause : Index 1 out of bounds for length 0 
2022-08-12 13:34:36,021 INFO  [Log] ************* testDoubleTheCart() Test Finished *************
 
2022-08-12 13:34:57,090 INFO  [Log] ************* testAddAddress() Test Initiated ************* 
2022-08-12 13:34:57,091 ERROR [Log]               testAddAddress() FAILED with cause : no such element: Unable to locate element: {"method":"xpath","selector":"//a[contains(@onclick,'new')]"}
  (Session info: chrome=104.0.5112.81)
For documentation on this error, please visit: https://selenium.dev/exceptions/#no_such_element
Build info: version: '4.3.0', revision: 'a4995e2c09*'
System info: host: 'KEREMYAKUT', ip: '10.135.32.30', os.name: 'Windows 11', os.arch: 'amd64', os.version: '10.0', java.version: '18.0.1.1'
Driver info: org.openqa.selenium.chrome.ChromeDriver
Command: [8f281e4c8db7e130db8c9db55c78469c, findElement {using=xpath, value=//a[contains(@onclick,'new')]}]
Capabilities {acceptInsecureCerts: false, browserName: chrome, browserVersion: 104.0.5112.81, chrome: {chromedriverVersion: 104.0.5112.79 (3cf3e8c8a07d..., userDataDir: C:\Users\kerem\AppData\Loca...}, goog:chromeOptions: {debuggerAddress: localhost:59674}, networkConnectionEnabled: false, pageLoadStrategy: normal, platformName: WINDOWS, proxy: Proxy(), se:cdp: ws://localhost:59674/devtoo..., se:cdpVersion: 104.0.5112.81, setWindowRect: true, strictFileInteractability: false, timeouts: {implicit: 0, pageLoad: 300000, script: 30000}, unhandledPromptBehavior: dismiss and notify, webauthn:extension:credBlob: true, webauthn:extension:largeBlob: true, webauthn:virtualAuthenticators: true}
Session ID: 8f281e4c8db7e130db8c9db55c78469c 
2022-08-12 13:34:57,091 INFO  [Log] ************* testAddAddress() Test Finished *************
 
2022-08-12 13:57:46,344 INFO  [Log] ************* testCheckLogin() Test Initiated ************* 
2022-08-12 13:57:46,344 ERROR [Log]               testCheckLogin() FAILED with cause : User Login Failed ==> expected: <true> but was: <false> 
2022-08-12 13:57:46,344 INFO  [Log] ************* testCheckLogin() Test Finished *************
 
2022-08-12 13:57:50,775 INFO  [Log] ************* testSearchBook() Test Initiated ************* 
2022-08-12 13:57:50,775 ERROR [Log]               testSearchBook() FAILED with cause : element click intercepted: Element <span class="common-sprite button-search"></span> is not clickable at point (892, 118). Other element would receive the click: <div style="width: 100%; height: 100%; position: fixed; top: 0px; left: 0px; z-index: 2000000000; background-color: rgb(255, 255, 255); opacity: 0.5;"></div>
  (Session info: chrome=104.0.5112.81)
Build info: version: '4.3.0', revision: 'a4995e2c09*'
System info: host: 'KEREMYAKUT', ip: '172.20.10.2', os.name: 'Windows 11', os.arch: 'amd64', os.version: '10.0', java.version: '18.0.1.1'
Driver info: org.openqa.selenium.chrome.ChromeDriver
Command: [11d5145977cdeb75dd0e2322dc496caa, clickElement {id=9f6b5109-9706-4396-99d9-fe36df4370d3}]
Capabilities {acceptInsecureCerts: false, browserName: chrome, browserVersion: 104.0.5112.81, chrome: {chromedriverVersion: 104.0.5112.79 (3cf3e8c8a07d..., userDataDir: C:\Users\kerem\AppData\Loca...}, goog:chromeOptions: {debuggerAddress: localhost:64102}, networkConnectionEnabled: false, pageLoadStrategy: normal, platformName: WINDOWS, proxy: Proxy(), se:cdp: ws://localhost:64102/devtoo..., se:cdpVersion: 104.0.5112.81, setWindowRect: true, strictFileInteractability: false, timeouts: {implicit: 0, pageLoad: 300000, script: 30000}, unhandledPromptBehavior: dismiss and notify, webauthn:extension:credBlob: true, webauthn:extension:largeBlob: true, webauthn:virtualAuthenticators: true}
Element: [[ChromeDriver: chrome on WINDOWS (11d5145977cdeb75dd0e2322dc496caa)] -> xpath: //span[contains(@class,'search')]]
Session ID: 11d5145977cdeb75dd0e2322dc496caa 
2022-08-12 13:57:50,775 INFO  [Log] ************* testSearchBook() Test Finished *************
 
2022-08-12 13:58:06,502 INFO  [Log] ************* testSelectRandomBook() Test Initiated ************* 
2022-08-12 13:58:06,502 ERROR [Log]               testSelectRandomBook() FAILED with cause : Index: 0 
2022-08-12 13:58:06,502 INFO  [Log] ************* testSelectRandomBook() Test Finished *************
 
2022-08-12 13:58:06,502 INFO  [Log] ************* testAddToCart() Test Initiated ************* 
2022-08-12 13:58:06,502 ERROR [Log]               testAddToCart() FAILED with cause : no such window: target window already closed
from unknown error: web view not found
  (Session info: chrome=104.0.5112.81)
Build info: version: '4.3.0', revision: 'a4995e2c09*'
System info: host: 'KEREMYAKUT', ip: '172.20.10.2', os.name: 'Windows 11', os.arch: 'amd64', os.version: '10.0', java.version: '18.0.1.1'
Driver info: org.openqa.selenium.chrome.ChromeDriver
Command: [11d5145977cdeb75dd0e2322dc496caa, findElement {using=id, value=button-cart}]
Capabilities {acceptInsecureCerts: false, browserName: chrome, browserVersion: 104.0.5112.81, chrome: {chromedriverVersion: 104.0.5112.79 (3cf3e8c8a07d..., userDataDir: C:\Users\kerem\AppData\Loca...}, goog:chromeOptions: {debuggerAddress: localhost:64102}, networkConnectionEnabled: false, pageLoadStrategy: normal, platformName: WINDOWS, proxy: Proxy(), se:cdp: ws://localhost:64102/devtoo..., se:cdpVersion: 104.0.5112.81, setWindowRect: true, strictFileInteractability: false, timeouts: {implicit: 0, pageLoad: 300000, script: 30000}, unhandledPromptBehavior: dismiss and notify, webauthn:extension:credBlob: true, webauthn:extension:largeBlob: true, webauthn:virtualAuthenticators: true}
Session ID: 11d5145977cdeb75dd0e2322dc496caa 
2022-08-12 13:58:06,502 INFO  [Log] ************* testAddToCart() Test Finished *************
 
2022-08-12 13:58:06,518 INFO  [Log] ************* testDoubleTheCart() Test Initiated ************* 
2022-08-12 13:58:06,518 ERROR [Log]               testDoubleTheCart() FAILED with cause : no such window: target window already closed
from unknown error: web view not found
  (Session info: chrome=104.0.5112.81)
Build info: version: '4.3.0', revision: 'a4995e2c09*'
System info: host: 'KEREMYAKUT', ip: '172.20.10.2', os.name: 'Windows 11', os.arch: 'amd64', os.version: '10.0', java.version: '18.0.1.1'
Driver info: org.openqa.selenium.chrome.ChromeDriver
Command: [11d5145977cdeb75dd0e2322dc496caa, findElement {using=name, value=quantity}]
Capabilities {acceptInsecureCerts: false, browserName: chrome, browserVersion: 104.0.5112.81, chrome: {chromedriverVersion: 104.0.5112.79 (3cf3e8c8a07d..., userDataDir: C:\Users\kerem\AppData\Loca...}, goog:chromeOptions: {debuggerAddress: localhost:64102}, networkConnectionEnabled: false, pageLoadStrategy: normal, platformName: WINDOWS, proxy: Proxy(), se:cdp: ws://localhost:64102/devtoo..., se:cdpVersion: 104.0.5112.81, setWindowRect: true, strictFileInteractability: false, timeouts: {implicit: 0, pageLoad: 300000, script: 30000}, unhandledPromptBehavior: dismiss and notify, webauthn:extension:credBlob: true, webauthn:extension:largeBlob: true, webauthn:virtualAuthenticators: true}
Session ID: 11d5145977cdeb75dd0e2322dc496caa 
2022-08-12 13:58:06,518 INFO  [Log] ************* testDoubleTheCart() Test Finished *************
 
2022-08-12 13:58:07,541 INFO  [Log] ************* testAddAddress() Test Initiated ************* 
2022-08-12 13:58:07,548 ERROR [Log]               testAddAddress() FAILED with cause : no such window: target window already closed
from unknown error: web view not found
  (Session info: chrome=104.0.5112.81)
Build info: version: '4.3.0', revision: 'a4995e2c09*'
System info: host: 'KEREMYAKUT', ip: '172.20.10.2', os.name: 'Windows 11', os.arch: 'amd64', os.version: '10.0', java.version: '18.0.1.1'
Driver info: org.openqa.selenium.chrome.ChromeDriver
Command: [11d5145977cdeb75dd0e2322dc496caa, findElement {using=xpath, value=//a[contains(@onclick,'new')]}]
Capabilities {acceptInsecureCerts: false, browserName: chrome, browserVersion: 104.0.5112.81, chrome: {chromedriverVersion: 104.0.5112.79 (3cf3e8c8a07d..., userDataDir: C:\Users\kerem\AppData\Loca...}, goog:chromeOptions: {debuggerAddress: localhost:64102}, networkConnectionEnabled: false, pageLoadStrategy: normal, platformName: WINDOWS, proxy: Proxy(), se:cdp: ws://localhost:64102/devtoo..., se:cdpVersion: 104.0.5112.81, setWindowRect: true, strictFileInteractability: false, timeouts: {implicit: 0, pageLoad: 300000, script: 30000}, unhandledPromptBehavior: dismiss and notify, webauthn:extension:credBlob: true, webauthn:extension:largeBlob: true, webauthn:virtualAuthenticators: true}
Session ID: 11d5145977cdeb75dd0e2322dc496caa 
2022-08-12 13:58:07,548 INFO  [Log] ************* testAddAddress() Test Finished *************
 
2022-08-12 14:01:09,682 INFO  [Log] ************* testCheckLogin() Test Initiated ************* 
2022-08-12 14:01:09,682 INFO  [Log]               testCheckLogin() PASSED 
2022-08-12 14:01:09,682 INFO  [Log] ************* testCheckLogin() Test Finished *************
 
2022-08-12 14:01:14,293 INFO  [Log] ************* testSearchBook() Test Initiated ************* 
2022-08-12 14:01:14,293 INFO  [Log]               testSearchBook() PASSED 
2022-08-12 14:01:14,293 INFO  [Log] ************* testSearchBook() Test Finished *************
 
2022-08-12 14:01:23,128 INFO  [Log] ************* testSelectRandomBook() Test Initiated ************* 
2022-08-12 14:01:23,128 INFO  [Log]               testSelectRandomBook() PASSED 
2022-08-12 14:01:23,128 INFO  [Log] ************* testSelectRandomBook() Test Finished *************
 
2022-08-12 14:01:31,271 INFO  [Log] ************* testAddToCart() Test Initiated ************* 
2022-08-12 14:01:31,271 INFO  [Log]               testAddToCart() PASSED 
2022-08-12 14:01:31,271 INFO  [Log] ************* testAddToCart() Test Finished *************
 
2022-08-12 14:01:35,336 INFO  [Log] ************* testDoubleTheCart() Test Initiated ************* 
2022-08-12 14:01:35,336 ERROR [Log]               testDoubleTheCart() FAILED with cause : Invalid Cart ==> expected: <true> but was: <false> 
2022-08-12 14:01:35,336 INFO  [Log] ************* testDoubleTheCart() Test Finished *************
 
2022-08-12 14:01:44,701 INFO  [Log] ************* testAddAddress() Test Initiated ************* 
2022-08-12 14:01:44,701 INFO  [Log]               testAddAddress() PASSED 
2022-08-12 14:01:44,701 INFO  [Log] ************* testAddAddress() Test Finished *************
 
2022-08-12 14:01:47,359 INFO  [Log] ************* testSelectShipmentCompany() Test Initiated ************* 
2022-08-12 14:01:47,359 INFO  [Log]               testSelectShipmentCompany() PASSED 
2022-08-12 14:01:47,359 INFO  [Log] ************* testSelectShipmentCompany() Test Finished *************
 
2022-08-12 14:01:54,423 INFO  [Log] ************* testRemoveFromCart() Test Initiated ************* 
2022-08-12 14:01:54,423 INFO  [Log]               testRemoveFromCart() PASSED 
2022-08-12 14:01:54,423 INFO  [Log] ************* testRemoveFromCart() Test Finished *************
 
2022-08-12 14:01:56,517 INFO  [Log] ************* testDeleteAddress() Test Initiated ************* 
2022-08-12 14:01:56,517 INFO  [Log]               testDeleteAddress() PASSED 
2022-08-12 14:01:56,517 INFO  [Log] ************* testDeleteAddress() Test Finished *************
 
2022-08-12 14:01:58,486 INFO  [Log] ************* testLogout() Test Initiated ************* 
2022-08-12 14:01:58,486 INFO  [Log]               testLogout() PASSED 
2022-08-12 14:01:58,486 INFO  [Log] ************* testLogout() Test Finished *************
 
2022-08-12 14:04:19,669 INFO  [Log] ************* testCheckLogin() Test Initiated ************* 
2022-08-12 14:04:19,669 INFO  [Log]               testCheckLogin() PASSED 
2022-08-12 14:04:19,669 INFO  [Log] ************* testCheckLogin() Test Finished *************
 
2022-08-12 14:04:24,891 INFO  [Log] ************* testSearchBook() Test Initiated ************* 
2022-08-12 14:04:24,891 INFO  [Log]               testSearchBook() PASSED 
2022-08-12 14:04:24,891 INFO  [Log] ************* testSearchBook() Test Finished *************
 
2022-08-12 14:04:32,772 INFO  [Log] ************* testSelectRandomBook() Test Initiated ************* 
2022-08-12 14:04:32,772 INFO  [Log]               testSelectRandomBook() PASSED 
2022-08-12 14:04:32,773 INFO  [Log] ************* testSelectRandomBook() Test Finished *************
 
2022-08-12 14:04:41,166 INFO  [Log] ************* testAddToCart() Test Initiated ************* 
2022-08-12 14:04:41,166 INFO  [Log]               testAddToCart() PASSED 
2022-08-12 14:04:41,167 INFO  [Log] ************* testAddToCart() Test Finished *************
 
2022-08-12 14:04:46,428 INFO  [Log] ************* testDoubleTheCart() Test Initiated ************* 
2022-08-12 14:04:46,428 ERROR [Log]               testDoubleTheCart() FAILED with cause : Invalid Cart ==> expected: <true> but was: <false> 
2022-08-12 14:04:46,428 INFO  [Log] ************* testDoubleTheCart() Test Finished *************
 
2022-08-12 14:04:55,351 INFO  [Log] ************* testAddAddress() Test Initiated ************* 
2022-08-12 14:04:55,351 INFO  [Log]               testAddAddress() PASSED 
2022-08-12 14:04:55,352 INFO  [Log] ************* testAddAddress() Test Finished *************
 
2022-08-12 14:04:57,878 INFO  [Log] ************* testSelectShipmentCompany() Test Initiated ************* 
2022-08-12 14:04:57,878 INFO  [Log]               testSelectShipmentCompany() PASSED 
2022-08-12 14:04:57,878 INFO  [Log] ************* testSelectShipmentCompany() Test Finished *************
 
2022-08-12 14:05:04,873 INFO  [Log] ************* testRemoveFromCart() Test Initiated ************* 
2022-08-12 14:05:04,873 INFO  [Log]               testRemoveFromCart() PASSED 
2022-08-12 14:05:04,873 INFO  [Log] ************* testRemoveFromCart() Test Finished *************
 
2022-08-12 14:05:07,947 INFO  [Log] ************* testDeleteAddress() Test Initiated ************* 
2022-08-12 14:05:07,948 INFO  [Log]               testDeleteAddress() PASSED 
2022-08-12 14:05:07,948 INFO  [Log] ************* testDeleteAddress() Test Finished *************
 
2022-08-12 14:05:12,069 INFO  [Log] ************* testLogout() Test Initiated ************* 
2022-08-12 14:05:12,069 INFO  [Log]               testLogout() PASSED 
2022-08-12 14:05:12,069 INFO  [Log] ************* testLogout() Test Finished *************
 
2022-08-12 14:05:58,562 INFO  [Log] ************* testCheckLogin() Test Initiated ************* 
2022-08-12 14:05:58,562 INFO  [Log]               testCheckLogin() PASSED 
2022-08-12 14:05:58,562 INFO  [Log] ************* testCheckLogin() Test Finished *************
 
2022-08-12 14:06:03,626 INFO  [Log] ************* testSearchBook() Test Initiated ************* 
2022-08-12 14:06:03,626 INFO  [Log]               testSearchBook() PASSED 
2022-08-12 14:06:03,626 INFO  [Log] ************* testSearchBook() Test Finished *************
 
2022-08-12 14:06:14,827 INFO  [Log] ************* testSelectRandomBook() Test Initiated ************* 
2022-08-12 14:06:14,827 INFO  [Log]               testSelectRandomBook() PASSED 
2022-08-12 14:06:14,827 INFO  [Log] ************* testSelectRandomBook() Test Finished *************
 
2022-08-12 14:06:24,199 INFO  [Log] ************* testAddToCart() Test Initiated ************* 
2022-08-12 14:06:24,199 INFO  [Log]               testAddToCart() PASSED 
2022-08-12 14:06:24,199 INFO  [Log] ************* testAddToCart() Test Finished *************
 
2022-08-12 14:06:44,036 INFO  [Log] ************* testDoubleTheCart() Test Initiated ************* 
2022-08-12 14:06:44,036 ERROR [Log]               testDoubleTheCart() FAILED with cause : Invalid Cart ==> expected: <true> but was: <false> 
2022-08-12 14:06:44,036 INFO  [Log] ************* testDoubleTheCart() Test Finished *************
 
2022-08-12 14:06:56,216 INFO  [Log] ************* testAddAddress() Test Initiated ************* 
2022-08-12 14:06:56,216 INFO  [Log]               testAddAddress() PASSED 
2022-08-12 14:06:56,216 INFO  [Log] ************* testAddAddress() Test Finished *************
 
2022-08-12 14:06:59,360 INFO  [Log] ************* testSelectShipmentCompany() Test Initiated ************* 
2022-08-12 14:06:59,360 INFO  [Log]               testSelectShipmentCompany() PASSED 
2022-08-12 14:06:59,360 INFO  [Log] ************* testSelectShipmentCompany() Test Finished *************
 
2022-08-12 14:07:06,288 INFO  [Log] ************* testRemoveFromCart() Test Initiated ************* 
2022-08-12 14:07:06,288 INFO  [Log]               testRemoveFromCart() PASSED 
2022-08-12 14:07:06,288 INFO  [Log] ************* testRemoveFromCart() Test Finished *************
 
2022-08-12 14:07:09,394 INFO  [Log] ************* testDeleteAddress() Test Initiated ************* 
2022-08-12 14:07:09,394 INFO  [Log]               testDeleteAddress() PASSED 
2022-08-12 14:07:09,394 INFO  [Log] ************* testDeleteAddress() Test Finished *************
 
2022-08-12 14:07:12,778 INFO  [Log] ************* testLogout() Test Initiated ************* 
2022-08-12 14:07:12,778 INFO  [Log]               testLogout() PASSED 
2022-08-12 14:07:12,778 INFO  [Log] ************* testLogout() Test Finished *************
 
2022-08-12 14:08:03,525 INFO  [Log] ************* testCheckLogin() Test Initiated ************* 
2022-08-12 14:08:03,525 ERROR [Log]               testCheckLogin() FAILED with cause : User Login Failed ==> expected: <true> but was: <false> 
2022-08-12 14:08:03,525 INFO  [Log] ************* testCheckLogin() Test Finished *************
 
2022-08-12 14:08:07,971 INFO  [Log] ************* testSearchBook() Test Initiated ************* 
2022-08-12 14:08:07,971 ERROR [Log]               testSearchBook() FAILED with cause : element click intercepted: Element <span class="common-sprite button-search"></span> is not clickable at point (892, 118). Other element would receive the click: <div style="width: 100%; height: 100%; position: fixed; top: 0px; left: 0px; z-index: 2000000000; background-color: rgb(255, 255, 255); opacity: 0.5;"></div>
  (Session info: chrome=104.0.5112.81)
Build info: version: '4.3.0', revision: 'a4995e2c09*'
System info: host: 'KEREMYAKUT', ip: '10.135.32.30', os.name: 'Windows 11', os.arch: 'amd64', os.version: '10.0', java.version: '18.0.1.1'
Driver info: org.openqa.selenium.chrome.ChromeDriver
Command: [ee2f56b5c1db665739f2215e41a70b7b, clickElement {id=a1f6a0b0-17e7-4606-9e42-7bea0614e9ec}]
Capabilities {acceptInsecureCerts: false, browserName: chrome, browserVersion: 104.0.5112.81, chrome: {chromedriverVersion: 104.0.5112.79 (3cf3e8c8a07d..., userDataDir: C:\Users\kerem\AppData\Loca...}, goog:chromeOptions: {debuggerAddress: localhost:50298}, networkConnectionEnabled: false, pageLoadStrategy: normal, platformName: WINDOWS, proxy: Proxy(), se:cdp: ws://localhost:50298/devtoo..., se:cdpVersion: 104.0.5112.81, setWindowRect: true, strictFileInteractability: false, timeouts: {implicit: 0, pageLoad: 300000, script: 30000}, unhandledPromptBehavior: dismiss and notify, webauthn:extension:credBlob: true, webauthn:extension:largeBlob: true, webauthn:virtualAuthenticators: true}
Element: [[ChromeDriver: chrome on WINDOWS (ee2f56b5c1db665739f2215e41a70b7b)] -> xpath: //span[contains(@class,'search')]]
Session ID: ee2f56b5c1db665739f2215e41a70b7b 
2022-08-12 14:08:07,971 INFO  [Log] ************* testSearchBook() Test Finished *************
 
2022-08-12 14:08:25,659 INFO  [Log] ************* testSelectRandomBook() Test Initiated ************* 
2022-08-12 14:08:25,675 INFO  [Log]               testSelectRandomBook() PASSED 
2022-08-12 14:08:25,675 INFO  [Log] ************* testSelectRandomBook() Test Finished *************
 
2022-08-12 14:08:34,319 INFO  [Log] ************* testAddToCart() Test Initiated ************* 
2022-08-12 14:08:34,319 INFO  [Log]               testAddToCart() PASSED 
2022-08-12 14:08:34,319 INFO  [Log] ************* testAddToCart() Test Finished *************
 
2022-08-12 14:08:39,373 INFO  [Log] ************* testDoubleTheCart() Test Initiated ************* 
2022-08-12 14:08:39,373 ERROR [Log]               testDoubleTheCart() FAILED with cause : Invalid Cart ==> expected: <true> but was: <false> 
2022-08-12 14:08:39,373 INFO  [Log] ************* testDoubleTheCart() Test Finished *************
 
2022-08-12 14:08:48,329 INFO  [Log] ************* testAddAddress() Test Initiated ************* 
2022-08-12 14:08:48,329 INFO  [Log]               testAddAddress() PASSED 
2022-08-12 14:08:48,329 INFO  [Log] ************* testAddAddress() Test Finished *************
 
2022-08-12 14:08:51,597 INFO  [Log] ************* testSelectShipmentCompany() Test Initiated ************* 
2022-08-12 14:08:51,598 INFO  [Log]               testSelectShipmentCompany() PASSED 
2022-08-12 14:08:51,598 INFO  [Log] ************* testSelectShipmentCompany() Test Finished *************
 
2022-08-12 14:08:59,529 INFO  [Log] ************* testRemoveFromCart() Test Initiated ************* 
2022-08-12 14:08:59,529 INFO  [Log]               testRemoveFromCart() PASSED 
2022-08-12 14:08:59,529 INFO  [Log] ************* testRemoveFromCart() Test Finished *************
 
2022-08-12 14:09:02,449 INFO  [Log] ************* testDeleteAddress() Test Initiated ************* 
2022-08-12 14:09:02,449 INFO  [Log]               testDeleteAddress() PASSED 
2022-08-12 14:09:02,449 INFO  [Log] ************* testDeleteAddress() Test Finished *************
 
2022-08-12 14:09:05,041 INFO  [Log] ************* testLogout() Test Initiated ************* 
2022-08-12 14:09:05,042 INFO  [Log]               testLogout() PASSED 
2022-08-12 14:09:05,042 INFO  [Log] ************* testLogout() Test Finished *************
 
2022-08-12 14:09:23,944 INFO  [Log] ************* testCheckLogin() Test Initiated ************* 
2022-08-12 14:09:23,944 INFO  [Log]               testCheckLogin() PASSED 
2022-08-12 14:09:23,944 INFO  [Log] ************* testCheckLogin() Test Finished *************
 
2022-08-12 14:09:29,578 INFO  [Log] ************* testSearchBook() Test Initiated ************* 
2022-08-12 14:09:29,578 INFO  [Log]               testSearchBook() PASSED 
2022-08-12 14:09:29,578 INFO  [Log] ************* testSearchBook() Test Finished *************
 
2022-08-12 14:09:38,592 INFO  [Log] ************* testSelectRandomBook() Test Initiated ************* 
2022-08-12 14:09:38,592 INFO  [Log]               testSelectRandomBook() PASSED 
2022-08-12 14:09:38,592 INFO  [Log] ************* testSelectRandomBook() Test Finished *************
 
2022-08-12 14:09:47,538 INFO  [Log] ************* testAddToCart() Test Initiated ************* 
2022-08-12 14:09:47,538 INFO  [Log]               testAddToCart() PASSED 
2022-08-12 14:09:47,538 INFO  [Log] ************* testAddToCart() Test Finished *************
 
2022-08-12 14:11:28,681 INFO  [Log] ************* testDoubleTheCart() Test Initiated ************* 
2022-08-12 14:11:28,681 ERROR [Log]               testDoubleTheCart() FAILED with cause : Invalid Cart ==> expected: <true> but was: <false> 
2022-08-12 14:11:28,681 INFO  [Log] ************* testDoubleTheCart() Test Finished *************
 
2022-08-12 14:12:22,272 INFO  [Log] ************* testCheckLogin() Test Initiated ************* 
2022-08-12 14:12:22,272 INFO  [Log]               testCheckLogin() PASSED 
2022-08-12 14:12:22,272 INFO  [Log] ************* testCheckLogin() Test Finished *************
 
2022-08-12 14:12:28,071 INFO  [Log] ************* testSearchBook() Test Initiated ************* 
2022-08-12 14:12:28,072 INFO  [Log]               testSearchBook() PASSED 
2022-08-12 14:12:28,072 INFO  [Log] ************* testSearchBook() Test Finished *************
 
2022-08-12 14:12:41,746 INFO  [Log] ************* testSelectRandomBook() Test Initiated ************* 
2022-08-12 14:12:41,746 INFO  [Log]               testSelectRandomBook() PASSED 
2022-08-12 14:12:41,746 INFO  [Log] ************* testSelectRandomBook() Test Finished *************
 
2022-08-12 14:12:50,996 INFO  [Log] ************* testAddToCart() Test Initiated ************* 
2022-08-12 14:12:50,996 INFO  [Log]               testAddToCart() PASSED 
2022-08-12 14:12:50,996 INFO  [Log] ************* testAddToCart() Test Finished *************
 
2022-08-12 14:13:11,047 INFO  [Log] ************* testDoubleTheCart() Test Initiated ************* 
2022-08-12 14:13:11,047 ERROR [Log]               testDoubleTheCart() FAILED with cause : no such element: Unable to locate element: {"method":"css selector","selector":"*[name='quantity']"}
  (Session info: chrome=104.0.5112.81)
For documentation on this error, please visit: https://selenium.dev/exceptions/#no_such_element
Build info: version: '4.3.0', revision: 'a4995e2c09*'
System info: host: 'KEREMYAKUT', ip: '10.135.32.30', os.name: 'Windows 11', os.arch: 'amd64', os.version: '10.0', java.version: '18.0.1.1'
Driver info: org.openqa.selenium.chrome.ChromeDriver
Command: [b8b50b77ea8ad814b1fdadcc2548ee26, findElement {using=name, value=quantity}]
Capabilities {acceptInsecureCerts: false, browserName: chrome, browserVersion: 104.0.5112.81, chrome: {chromedriverVersion: 104.0.5112.79 (3cf3e8c8a07d..., userDataDir: C:\Users\kerem\AppData\Loca...}, goog:chromeOptions: {debuggerAddress: localhost:51260}, networkConnectionEnabled: false, pageLoadStrategy: normal, platformName: WINDOWS, proxy: Proxy(), se:cdp: ws://localhost:51260/devtoo..., se:cdpVersion: 104.0.5112.81, setWindowRect: true, strictFileInteractability: false, timeouts: {implicit: 0, pageLoad: 300000, script: 30000}, unhandledPromptBehavior: dismiss and notify, webauthn:extension:credBlob: true, webauthn:extension:largeBlob: true, webauthn:virtualAuthenticators: true}
Session ID: b8b50b77ea8ad814b1fdadcc2548ee26 
2022-08-12 14:13:11,047 INFO  [Log] ************* testDoubleTheCart() Test Finished *************
 
2022-08-12 14:13:20,100 INFO  [Log] ************* testAddAddress() Test Initiated ************* 
2022-08-12 14:13:20,100 INFO  [Log]               testAddAddress() PASSED 
2022-08-12 14:13:20,100 INFO  [Log] ************* testAddAddress() Test Finished *************
 
2022-08-12 14:13:23,412 INFO  [Log] ************* testSelectShipmentCompany() Test Initiated ************* 
2022-08-12 14:13:23,412 INFO  [Log]               testSelectShipmentCompany() PASSED 
2022-08-12 14:13:23,412 INFO  [Log] ************* testSelectShipmentCompany() Test Finished *************
 
2022-08-12 14:13:30,793 INFO  [Log] ************* testRemoveFromCart() Test Initiated ************* 
2022-08-12 14:13:30,794 INFO  [Log]               testRemoveFromCart() PASSED 
2022-08-12 14:13:30,794 INFO  [Log] ************* testRemoveFromCart() Test Finished *************
 
2022-08-12 14:13:33,612 INFO  [Log] ************* testDeleteAddress() Test Initiated ************* 
2022-08-12 14:13:33,612 INFO  [Log]               testDeleteAddress() PASSED 
2022-08-12 14:13:33,612 INFO  [Log] ************* testDeleteAddress() Test Finished *************
 
2022-08-12 14:13:35,974 INFO  [Log] ************* testLogout() Test Initiated ************* 
2022-08-12 14:13:35,974 INFO  [Log]               testLogout() PASSED 
2022-08-12 14:13:35,974 INFO  [Log] ************* testLogout() Test Finished *************
 
2022-08-12 14:14:37,650 INFO  [Log] ************* testCheckLogin() Test Initiated ************* 
2022-08-12 14:14:37,650 INFO  [Log]               testCheckLogin() PASSED 
2022-08-12 14:14:37,650 INFO  [Log] ************* testCheckLogin() Test Finished *************
 
2022-08-12 14:14:41,737 INFO  [Log] ************* testSearchBook() Test Initiated ************* 
2022-08-12 14:14:41,737 INFO  [Log]               testSearchBook() PASSED 
2022-08-12 14:14:41,737 INFO  [Log] ************* testSearchBook() Test Finished *************
 
2022-08-12 14:14:48,306 INFO  [Log] ************* testSelectRandomBook() Test Initiated ************* 
2022-08-12 14:14:48,306 INFO  [Log]               testSelectRandomBook() PASSED 
2022-08-12 14:14:48,306 INFO  [Log] ************* testSelectRandomBook() Test Finished *************
 
2022-08-12 14:14:57,150 INFO  [Log] ************* testAddToCart() Test Initiated ************* 
2022-08-12 14:14:57,151 INFO  [Log]               testAddToCart() PASSED 
2022-08-12 14:14:57,151 INFO  [Log] ************* testAddToCart() Test Finished *************
 
2022-08-12 14:15:15,017 INFO  [Log] ************* testDoubleTheCart() Test Initiated ************* 
2022-08-12 14:15:15,017 ERROR [Log]               testDoubleTheCart() FAILED with cause : Invalid Cart ==> expected: <true> but was: <false> 
2022-08-12 14:15:15,017 INFO  [Log] ************* testDoubleTheCart() Test Finished *************
 
2022-08-12 14:15:24,311 INFO  [Log] ************* testAddAddress() Test Initiated ************* 
2022-08-12 14:15:24,311 INFO  [Log]               testAddAddress() PASSED 
2022-08-12 14:15:24,311 INFO  [Log] ************* testAddAddress() Test Finished *************
 
2022-08-12 14:15:27,508 INFO  [Log] ************* testSelectShipmentCompany() Test Initiated ************* 
2022-08-12 14:15:27,508 INFO  [Log]               testSelectShipmentCompany() PASSED 
2022-08-12 14:15:27,509 INFO  [Log] ************* testSelectShipmentCompany() Test Finished *************
 
2022-08-12 14:15:34,556 INFO  [Log] ************* testRemoveFromCart() Test Initiated ************* 
2022-08-12 14:15:34,556 INFO  [Log]               testRemoveFromCart() PASSED 
2022-08-12 14:15:34,556 INFO  [Log] ************* testRemoveFromCart() Test Finished *************
 
2022-08-12 14:15:37,756 INFO  [Log] ************* testDeleteAddress() Test Initiated ************* 
2022-08-12 14:15:37,756 INFO  [Log]               testDeleteAddress() PASSED 
2022-08-12 14:15:37,756 INFO  [Log] ************* testDeleteAddress() Test Finished *************
 
2022-08-12 14:15:39,786 INFO  [Log] ************* testLogout() Test Initiated ************* 
2022-08-12 14:15:39,787 INFO  [Log]               testLogout() PASSED 
2022-08-12 14:15:39,787 INFO  [Log] ************* testLogout() Test Finished *************
 
2022-08-12 14:17:12,681 INFO  [Log] ************* testCheckLogin() Test Initiated ************* 
2022-08-12 14:17:12,682 INFO  [Log]               testCheckLogin() PASSED 
2022-08-12 14:17:12,682 INFO  [Log] ************* testCheckLogin() Test Finished *************
 
2022-08-12 14:17:19,103 INFO  [Log] ************* testSearchBook() Test Initiated ************* 
2022-08-12 14:17:19,103 INFO  [Log]               testSearchBook() PASSED 
2022-08-12 14:17:19,103 INFO  [Log] ************* testSearchBook() Test Finished *************
 
2022-08-12 14:17:31,140 INFO  [Log] ************* testSelectRandomBook() Test Initiated ************* 
2022-08-12 14:17:31,140 INFO  [Log]               testSelectRandomBook() PASSED 
2022-08-12 14:17:31,140 INFO  [Log] ************* testSelectRandomBook() Test Finished *************
 
2022-08-12 14:17:39,056 INFO  [Log] ************* testAddToCart() Test Initiated ************* 
2022-08-12 14:17:39,056 INFO  [Log]               testAddToCart() PASSED 
2022-08-12 14:17:39,056 INFO  [Log] ************* testAddToCart() Test Finished *************
 
2022-08-12 14:17:42,125 INFO  [Log] ************* testDoubleTheCart() Test Initiated ************* 
2022-08-12 14:17:42,125 INFO  [Log]               testDoubleTheCart() PASSED 
2022-08-12 14:17:42,125 INFO  [Log] ************* testDoubleTheCart() Test Finished *************
 
2022-08-12 14:17:50,994 INFO  [Log] ************* testAddAddress() Test Initiated ************* 
2022-08-12 14:17:50,994 INFO  [Log]               testAddAddress() PASSED 
2022-08-12 14:17:50,994 INFO  [Log] ************* testAddAddress() Test Finished *************
 
2022-08-12 14:17:54,543 INFO  [Log] ************* testSelectShipmentCompany() Test Initiated ************* 
2022-08-12 14:17:54,543 INFO  [Log]               testSelectShipmentCompany() PASSED 
2022-08-12 14:17:54,543 INFO  [Log] ************* testSelectShipmentCompany() Test Finished *************
 
2022-08-12 14:18:01,898 INFO  [Log] ************* testRemoveFromCart() Test Initiated ************* 
2022-08-12 14:18:01,899 INFO  [Log]               testRemoveFromCart() PASSED 
2022-08-12 14:18:01,899 INFO  [Log] ************* testRemoveFromCart() Test Finished *************
 
2022-08-12 14:18:08,712 INFO  [Log] ************* testDeleteAddress() Test Initiated ************* 
2022-08-12 14:18:08,712 INFO  [Log]               testDeleteAddress() PASSED 
2022-08-12 14:18:08,712 INFO  [Log] ************* testDeleteAddress() Test Finished *************
 
2022-08-12 14:18:11,366 INFO  [Log] ************* testLogout() Test Initiated ************* 
2022-08-12 14:18:11,367 INFO  [Log]               testLogout() PASSED 
2022-08-12 14:18:11,367 INFO  [Log] ************* testLogout() Test Finished *************
 
2022-08-12 14:22:27,149 INFO  [Log] ************* testCheckLogin() Test Initiated ************* 
2022-08-12 14:22:27,155 INFO  [Log]               testCheckLogin() PASSED 
2022-08-12 14:22:27,156 INFO  [Log] ************* testCheckLogin() Test Finished *************
 
2022-08-12 14:22:32,184 INFO  [Log] ************* testSearchBook() Test Initiated ************* 
2022-08-12 14:22:32,184 INFO  [Log]               testSearchBook() PASSED 
2022-08-12 14:22:32,184 INFO  [Log] ************* testSearchBook() Test Finished *************
 
2022-08-12 14:22:39,009 INFO  [Log] ************* testSelectRandomBook() Test Initiated ************* 
2022-08-12 14:22:39,009 INFO  [Log]               testSelectRandomBook() PASSED 
2022-08-12 14:22:39,009 INFO  [Log] ************* testSelectRandomBook() Test Finished *************
 
2022-08-12 14:22:47,671 INFO  [Log] ************* testAddToCart() Test Initiated ************* 
2022-08-12 14:22:47,671 INFO  [Log]               testAddToCart() PASSED 
2022-08-12 14:22:47,671 INFO  [Log] ************* testAddToCart() Test Finished *************
 
2022-08-12 14:22:51,386 INFO  [Log] ************* testDoubleTheCart() Test Initiated ************* 
2022-08-12 14:22:51,386 INFO  [Log]               testDoubleTheCart() PASSED 
2022-08-12 14:22:51,386 INFO  [Log] ************* testDoubleTheCart() Test Finished *************
 
2022-08-12 14:23:02,926 INFO  [Log] ************* testAddAddress() Test Initiated ************* 
2022-08-12 14:23:02,928 ERROR [Log]               testAddAddress() FAILED with cause : Can Not Add New Address ==> expected: <true> but was: <false> 
2022-08-12 14:23:02,928 INFO  [Log] ************* testAddAddress() Test Finished *************
 
2022-08-12 14:23:06,730 INFO  [Log] ************* testSelectShipmentCompany() Test Initiated ************* 
2022-08-12 14:23:06,730 INFO  [Log]               testSelectShipmentCompany() PASSED 
2022-08-12 14:23:06,730 INFO  [Log] ************* testSelectShipmentCompany() Test Finished *************
 
2022-08-12 14:23:14,586 INFO  [Log] ************* testRemoveFromCart() Test Initiated ************* 
2022-08-12 14:23:14,586 INFO  [Log]               testRemoveFromCart() PASSED 
2022-08-12 14:23:14,586 INFO  [Log] ************* testRemoveFromCart() Test Finished *************
 
2022-08-12 14:23:18,869 INFO  [Log] ************* testDeleteAddress() Test Initiated ************* 
2022-08-12 14:23:18,870 INFO  [Log]               testDeleteAddress() PASSED 
2022-08-12 14:23:18,870 INFO  [Log] ************* testDeleteAddress() Test Finished *************
 
2022-08-12 14:23:21,946 INFO  [Log] ************* testLogout() Test Initiated ************* 
2022-08-12 14:23:21,946 INFO  [Log]               testLogout() PASSED 
2022-08-12 14:23:21,946 INFO  [Log] ************* testLogout() Test Finished *************
 
2022-08-12 14:24:03,200 INFO  [Log] ************* testCheckLogin() Test Initiated ************* 
2022-08-12 14:24:03,202 INFO  [Log]               testCheckLogin() PASSED 
2022-08-12 14:24:03,202 INFO  [Log] ************* testCheckLogin() Test Finished *************
 
2022-08-12 14:24:07,969 INFO  [Log] ************* testSearchBook() Test Initiated ************* 
2022-08-12 14:24:07,969 INFO  [Log]               testSearchBook() PASSED 
2022-08-12 14:24:07,969 INFO  [Log] ************* testSearchBook() Test Finished *************
 
2022-08-12 14:24:15,708 INFO  [Log] ************* testSelectRandomBook() Test Initiated ************* 
2022-08-12 14:24:15,708 INFO  [Log]               testSelectRandomBook() PASSED 
2022-08-12 14:24:15,709 INFO  [Log] ************* testSelectRandomBook() Test Finished *************
 
2022-08-12 14:24:24,975 INFO  [Log] ************* testAddToCart() Test Initiated ************* 
2022-08-12 14:24:24,975 INFO  [Log]               testAddToCart() PASSED 
2022-08-12 14:24:24,975 INFO  [Log] ************* testAddToCart() Test Finished *************
 
2022-08-12 14:24:28,809 INFO  [Log] ************* testDoubleTheCart() Test Initiated ************* 
2022-08-12 14:24:28,809 INFO  [Log]               testDoubleTheCart() PASSED 
2022-08-12 14:24:28,810 INFO  [Log] ************* testDoubleTheCart() Test Finished *************
 
2022-08-12 14:24:41,695 INFO  [Log] ************* testAddAddress() Test Initiated ************* 
2022-08-12 14:24:41,695 INFO  [Log]               testAddAddress() PASSED 
2022-08-12 14:24:41,695 INFO  [Log] ************* testAddAddress() Test Finished *************
 
2022-08-12 14:24:44,326 INFO  [Log] ************* testSelectShipmentCompany() Test Initiated ************* 
2022-08-12 14:24:44,326 INFO  [Log]               testSelectShipmentCompany() PASSED 
2022-08-12 14:24:44,326 INFO  [Log] ************* testSelectShipmentCompany() Test Finished *************
 
2022-08-12 14:24:52,107 INFO  [Log] ************* testRemoveFromCart() Test Initiated ************* 
2022-08-12 14:24:52,107 INFO  [Log]               testRemoveFromCart() PASSED 
2022-08-12 14:24:52,107 INFO  [Log] ************* testRemoveFromCart() Test Finished *************
 
2022-08-12 14:24:55,382 INFO  [Log] ************* testDeleteAddress() Test Initiated ************* 
2022-08-12 14:24:55,383 INFO  [Log]               testDeleteAddress() PASSED 
2022-08-12 14:24:55,383 INFO  [Log] ************* testDeleteAddress() Test Finished *************
 
2022-08-12 14:24:58,260 INFO  [Log] ************* testLogout() Test Initiated ************* 
2022-08-12 14:24:58,260 INFO  [Log]               testLogout() PASSED 
2022-08-12 14:24:58,260 INFO  [Log] ************* testLogout() Test Finished *************
 
2022-08-12 14:28:32,675 INFO  [Log] ************* testCheckLogin() Test Initiated ************* 
2022-08-12 14:28:32,675 INFO  [Log]               testCheckLogin() PASSED 
2022-08-12 14:28:32,675 INFO  [Log] ************* testCheckLogin() Test Finished *************
 
2022-08-12 14:28:37,776 INFO  [Log] ************* testSearchBook() Test Initiated ************* 
2022-08-12 14:28:37,776 INFO  [Log]               testSearchBook() PASSED 
2022-08-12 14:28:37,777 INFO  [Log] ************* testSearchBook() Test Finished *************
 
2022-08-12 14:28:44,617 INFO  [Log] ************* testSelectRandomBook() Test Initiated ************* 
2022-08-12 14:28:44,617 INFO  [Log]               testSelectRandomBook() PASSED 
2022-08-12 14:28:44,618 INFO  [Log] ************* testSelectRandomBook() Test Finished *************
 
2022-08-12 14:28:53,304 INFO  [Log] ************* testAddToCart() Test Initiated ************* 
2022-08-12 14:28:53,305 ERROR [Log]               testAddToCart() FAILED with cause : Invalid Cart ==> expected: <true> but was: <false> 
2022-08-12 14:28:53,305 INFO  [Log] ************* testAddToCart() Test Finished *************
 
2022-08-12 14:28:56,563 INFO  [Log] ************* testDoubleTheCart() Test Initiated ************* 
2022-08-12 14:28:56,563 INFO  [Log]               testDoubleTheCart() PASSED 
2022-08-12 14:28:56,563 INFO  [Log] ************* testDoubleTheCart() Test Finished *************
 
2022-08-12 14:29:07,618 INFO  [Log] ************* testAddAddress() Test Initiated ************* 
2022-08-12 14:29:07,618 INFO  [Log]               testAddAddress() PASSED 
2022-08-12 14:29:07,618 INFO  [Log] ************* testAddAddress() Test Finished *************
 
2022-08-12 14:29:12,152 INFO  [Log] ************* testSelectShipmentCompany() Test Initiated ************* 
2022-08-12 14:29:12,152 INFO  [Log]               testSelectShipmentCompany() PASSED 
2022-08-12 14:29:12,152 INFO  [Log] ************* testSelectShipmentCompany() Test Finished *************
 
2022-08-12 14:29:19,723 INFO  [Log] ************* testRemoveFromCart() Test Initiated ************* 
2022-08-12 14:29:19,723 INFO  [Log]               testRemoveFromCart() PASSED 
2022-08-12 14:29:19,723 INFO  [Log] ************* testRemoveFromCart() Test Finished *************
 
2022-08-12 14:29:23,666 INFO  [Log] ************* testDeleteAddress() Test Initiated ************* 
2022-08-12 14:29:23,666 INFO  [Log]               testDeleteAddress() PASSED 
2022-08-12 14:29:23,666 INFO  [Log] ************* testDeleteAddress() Test Finished *************
 
2022-08-12 14:29:26,936 INFO  [Log] ************* testLogout() Test Initiated ************* 
2022-08-12 14:29:26,936 INFO  [Log]               testLogout() PASSED 
2022-08-12 14:29:26,937 INFO  [Log] ************* testLogout() Test Finished *************
 
2022-08-12 15:40:20,696 INFO  [Log] ************* testCheckLogin() Test Initiated ************* 
2022-08-12 15:40:20,696 INFO  [Log]               testCheckLogin() PASSED 
2022-08-12 15:40:20,696 INFO  [Log] ************* testCheckLogin() Test Finished *************
 
2022-08-12 15:40:25,423 INFO  [Log] ************* testSearchBook() Test Initiated ************* 
2022-08-12 15:40:25,423 INFO  [Log]               testSearchBook() PASSED 
2022-08-12 15:40:25,423 INFO  [Log] ************* testSearchBook() Test Finished *************
 
2022-08-12 15:54:43,247 INFO  [Log] ************* testCheckLogin() Test Initiated ************* 
2022-08-12 15:54:43,247 INFO  [Log]               testCheckLogin() PASSED 
2022-08-12 15:54:43,247 INFO  [Log] ************* testCheckLogin() Test Finished *************
 
2022-08-12 15:54:47,930 INFO  [Log] ************* testSearchBook() Test Initiated ************* 
2022-08-12 15:54:47,930 INFO  [Log]               testSearchBook() PASSED 
2022-08-12 15:54:47,930 INFO  [Log] ************* testSearchBook() Test Finished *************
 
2022-08-12 15:55:30,669 INFO  [Log] ************* testSelectRandomBook() Test Initiated ************* 
2022-08-12 15:55:30,670 ERROR [Log]               testSelectRandomBook() FAILED with cause : no such element: Unable to locate element: {"method":"xpath","selector":"//img[contains(@src,'wi:220')]"}
  (Session info: chrome=104.0.5112.81)
For documentation on this error, please visit: https://selenium.dev/exceptions/#no_such_element
Build info: version: '4.3.0', revision: 'a4995e2c09*'
System info: host: 'KEREMYAKUT', ip: '10.135.32.30', os.name: 'Windows 11', os.arch: 'amd64', os.version: '10.0', java.version: '18.0.1.1'
Driver info: org.openqa.selenium.chrome.ChromeDriver
Command: [0e5aa42c15f885e668688e9cafede2c3, findElement {using=xpath, value=//img[contains(@src,'wi:220')]}]
Capabilities {acceptInsecureCerts: false, browserName: chrome, browserVersion: 104.0.5112.81, chrome: {chromedriverVersion: 104.0.5112.79 (3cf3e8c8a07d..., userDataDir: C:\Users\kerem\AppData\Loca...}, goog:chromeOptions: {debuggerAddress: localhost:64449}, networkConnectionEnabled: false, pageLoadStrategy: normal, platformName: WINDOWS, proxy: Proxy(), se:cdp: ws://localhost:64449/devtoo..., se:cdpVersion: 104.0.5112.81, setWindowRect: true, strictFileInteractability: false, timeouts: {implicit: 0, pageLoad: 300000, script: 30000}, unhandledPromptBehavior: dismiss and notify, webauthn:extension:credBlob: true, webauthn:extension:largeBlob: true, webauthn:virtualAuthenticators: true}
Session ID: 0e5aa42c15f885e668688e9cafede2c3 
2022-08-12 15:55:30,670 INFO  [Log] ************* testSelectRandomBook() Test Finished *************
 
2022-08-12 15:56:42,007 INFO  [Log] ************* testAddToCart() Test Initiated ************* 
2022-08-12 15:56:42,007 INFO  [Log]               testAddToCart() PASSED 
2022-08-12 15:56:42,008 INFO  [Log] ************* testAddToCart() Test Finished *************
 
2022-08-12 15:56:45,659 INFO  [Log] ************* testDoubleTheCart() Test Initiated ************* 
2022-08-12 15:56:45,660 INFO  [Log]               testDoubleTheCart() PASSED 
2022-08-12 15:56:45,660 INFO  [Log] ************* testDoubleTheCart() Test Finished *************
 
2022-08-12 15:56:58,234 INFO  [Log] ************* testAddAddress() Test Initiated ************* 
2022-08-12 15:56:58,234 INFO  [Log]               testAddAddress() PASSED 
2022-08-12 15:56:58,234 INFO  [Log] ************* testAddAddress() Test Finished *************
 
2022-08-12 15:57:02,922 INFO  [Log] ************* testSelectShipmentCompany() Test Initiated ************* 
2022-08-12 15:57:02,922 INFO  [Log]               testSelectShipmentCompany() PASSED 
2022-08-12 15:57:02,922 INFO  [Log] ************* testSelectShipmentCompany() Test Finished *************
 
2022-08-12 15:57:11,312 INFO  [Log] ************* testRemoveFromCart() Test Initiated ************* 
2022-08-12 15:57:11,312 INFO  [Log]               testRemoveFromCart() PASSED 
2022-08-12 15:57:11,312 INFO  [Log] ************* testRemoveFromCart() Test Finished *************
 
2022-08-12 15:57:15,906 INFO  [Log] ************* testDeleteAddress() Test Initiated ************* 
2022-08-12 15:57:15,906 INFO  [Log]               testDeleteAddress() PASSED 
2022-08-12 15:57:15,906 INFO  [Log] ************* testDeleteAddress() Test Finished *************
 
2022-08-12 15:57:19,468 INFO  [Log] ************* testLogout() Test Initiated ************* 
2022-08-12 15:57:19,468 INFO  [Log]               testLogout() PASSED 
2022-08-12 15:57:19,468 INFO  [Log] ************* testLogout() Test Finished *************
 
2022-08-12 16:00:23,899 INFO  [Log] ************* testCheckLogin() Test Initiated ************* 
2022-08-12 16:00:23,900 ERROR [Log]               testCheckLogin() FAILED with cause : User Login Failed ==> expected: <true> but was: <false> 
2022-08-12 16:00:23,901 INFO  [Log] ************* testCheckLogin() Test Finished *************
 
2022-08-12 16:00:28,463 INFO  [Log] ************* testSearchBook() Test Initiated ************* 
2022-08-12 16:00:28,463 ERROR [Log]               testSearchBook() FAILED with cause : element click intercepted: Element <span class="common-sprite button-search"></span> is not clickable at point (892, 118). Other element would receive the click: <div style="width: 100%; height: 100%; position: fixed; top: 0px; left: 0px; z-index: 2000000000; background-color: rgb(255, 255, 255); opacity: 0.5;"></div>
  (Session info: chrome=104.0.5112.81)
Build info: version: '4.3.0', revision: 'a4995e2c09*'
System info: host: 'KEREMYAKUT', ip: '10.135.32.30', os.name: 'Windows 11', os.arch: 'amd64', os.version: '10.0', java.version: '18.0.1.1'
Driver info: org.openqa.selenium.chrome.ChromeDriver
Command: [83c6c06408fc4b4d8d6cf1193e75cf1d, clickElement {id=0db9cbcd-dbae-4252-8d10-391b6a55978b}]
Capabilities {acceptInsecureCerts: false, browserName: chrome, browserVersion: 104.0.5112.81, chrome: {chromedriverVersion: 104.0.5112.79 (3cf3e8c8a07d..., userDataDir: C:\Users\kerem\AppData\Loca...}, goog:chromeOptions: {debuggerAddress: localhost:64758}, networkConnectionEnabled: false, pageLoadStrategy: normal, platformName: WINDOWS, proxy: Proxy(), se:cdp: ws://localhost:64758/devtoo..., se:cdpVersion: 104.0.5112.81, setWindowRect: true, strictFileInteractability: false, timeouts: {implicit: 0, pageLoad: 300000, script: 30000}, unhandledPromptBehavior: dismiss and notify, webauthn:extension:credBlob: true, webauthn:extension:largeBlob: true, webauthn:virtualAuthenticators: true}
Element: [[ChromeDriver: chrome on WINDOWS (83c6c06408fc4b4d8d6cf1193e75cf1d)] -> xpath: //span[contains(@class,'search')]]
Session ID: 83c6c06408fc4b4d8d6cf1193e75cf1d 
2022-08-12 16:00:28,464 INFO  [Log] ************* testSearchBook() Test Finished *************
 
2022-08-12 16:01:12,957 INFO  [Log] ************* testSelectRandomBook() Test Initiated ************* 
2022-08-12 16:01:12,957 INFO  [Log]               testSelectRandomBook() PASSED 
2022-08-12 16:01:12,958 INFO  [Log] ************* testSelectRandomBook() Test Finished *************
 
2022-08-12 16:02:27,414 INFO  [Log] ************* testAddToCart() Test Initiated ************* 
2022-08-12 16:02:27,414 ERROR [Log]               testAddToCart() FAILED with cause : Do Not Matched ==> expected: <true> but was: <false> 
2022-08-12 16:02:27,414 INFO  [Log] ************* testAddToCart() Test Finished *************
 
2022-08-12 16:02:31,353 INFO  [Log] ************* testDoubleTheCart() Test Initiated ************* 
2022-08-12 16:02:31,353 INFO  [Log]               testDoubleTheCart() PASSED 
2022-08-12 16:02:31,353 INFO  [Log] ************* testDoubleTheCart() Test Finished *************
 
2022-08-12 16:02:43,898 INFO  [Log] ************* testAddAddress() Test Initiated ************* 
2022-08-12 16:02:43,899 INFO  [Log]               testAddAddress() PASSED 
2022-08-12 16:02:43,899 INFO  [Log] ************* testAddAddress() Test Finished *************
 
2022-08-12 16:02:49,254 INFO  [Log] ************* testSelectShipmentCompany() Test Initiated ************* 
2022-08-12 16:02:49,254 INFO  [Log]               testSelectShipmentCompany() PASSED 
2022-08-12 16:02:49,255 INFO  [Log] ************* testSelectShipmentCompany() Test Finished *************
 
2022-08-12 16:02:57,655 INFO  [Log] ************* testRemoveFromCart() Test Initiated ************* 
2022-08-12 16:02:57,655 INFO  [Log]               testRemoveFromCart() PASSED 
2022-08-12 16:02:57,656 INFO  [Log] ************* testRemoveFromCart() Test Finished *************
 
2022-08-12 16:03:00,897 INFO  [Log] ************* testDeleteAddress() Test Initiated ************* 
2022-08-12 16:03:00,898 INFO  [Log]               testDeleteAddress() PASSED 
2022-08-12 16:03:00,898 INFO  [Log] ************* testDeleteAddress() Test Finished *************
 
2022-08-12 16:03:04,484 INFO  [Log] ************* testLogout() Test Initiated ************* 
2022-08-12 16:03:04,485 INFO  [Log]               testLogout() PASSED 
2022-08-12 16:03:04,485 INFO  [Log] ************* testLogout() Test Finished *************
 
2022-08-12 16:04:19,737 INFO  [Log] ************* testCheckLogin() Test Initiated ************* 
2022-08-12 16:04:19,738 INFO  [Log]               testCheckLogin() PASSED 
2022-08-12 16:04:19,738 INFO  [Log] ************* testCheckLogin() Test Finished *************
 
2022-08-12 16:04:25,978 INFO  [Log] ************* testSearchBook() Test Initiated ************* 
2022-08-12 16:04:25,979 INFO  [Log]               testSearchBook() PASSED 
2022-08-12 16:04:25,979 INFO  [Log] ************* testSearchBook() Test Finished *************
 
2022-08-12 16:04:41,030 INFO  [Log] ************* testSelectRandomBook() Test Initiated ************* 
2022-08-12 16:04:41,030 INFO  [Log]               testSelectRandomBook() PASSED 
2022-08-12 16:04:41,030 INFO  [Log] ************* testSelectRandomBook() Test Finished *************
 
2022-08-12 16:04:59,433 INFO  [Log] ************* testAddToCart() Test Initiated ************* 
2022-08-12 16:04:59,434 INFO  [Log]               testAddToCart() PASSED 
2022-08-12 16:04:59,434 INFO  [Log] ************* testAddToCart() Test Finished *************
 
2022-08-12 16:05:03,255 INFO  [Log] ************* testDoubleTheCart() Test Initiated ************* 
2022-08-12 16:05:03,256 INFO  [Log]               testDoubleTheCart() PASSED 
2022-08-12 16:05:03,256 INFO  [Log] ************* testDoubleTheCart() Test Finished *************
 
2022-08-12 16:05:16,089 INFO  [Log] ************* testAddAddress() Test Initiated ************* 
2022-08-12 16:05:16,089 INFO  [Log]               testAddAddress() PASSED 
2022-08-12 16:05:16,090 INFO  [Log] ************* testAddAddress() Test Finished *************
 
2022-08-12 16:05:21,901 INFO  [Log] ************* testSelectShipmentCompany() Test Initiated ************* 
2022-08-12 16:05:21,901 INFO  [Log]               testSelectShipmentCompany() PASSED 
2022-08-12 16:05:21,902 INFO  [Log] ************* testSelectShipmentCompany() Test Finished *************
 
2022-08-12 16:05:30,450 INFO  [Log] ************* testRemoveFromCart() Test Initiated ************* 
2022-08-12 16:05:30,450 INFO  [Log]               testRemoveFromCart() PASSED 
2022-08-12 16:05:30,450 INFO  [Log] ************* testRemoveFromCart() Test Finished *************
 
2022-08-12 16:05:34,583 INFO  [Log] ************* testDeleteAddress() Test Initiated ************* 
2022-08-12 16:05:34,584 INFO  [Log]               testDeleteAddress() PASSED 
2022-08-12 16:05:34,584 INFO  [Log] ************* testDeleteAddress() Test Finished *************
 
2022-08-12 16:05:38,274 INFO  [Log] ************* testLogout() Test Initiated ************* 
2022-08-12 16:05:38,274 INFO  [Log]               testLogout() PASSED 
2022-08-12 16:05:38,274 INFO  [Log] ************* testLogout() Test Finished *************
 
2022-08-15 09:46:34,113 INFO  [Log] ************* testCheckLogin() Test Initiated ************* 
2022-08-15 09:46:34,113 INFO  [Log]               testCheckLogin() PASSED 
2022-08-15 09:46:34,113 INFO  [Log] ************* testCheckLogin() Test Finished *************
 
2022-08-15 09:46:38,664 INFO  [Log] ************* testSearchBook() Test Initiated ************* 
2022-08-15 09:46:38,665 INFO  [Log]               testSearchBook() PASSED 
2022-08-15 09:46:38,665 INFO  [Log] ************* testSearchBook() Test Finished *************
 
2022-08-15 09:46:45,657 INFO  [Log] ************* testSelectRandomBook() Test Initiated ************* 
2022-08-15 09:46:45,657 INFO  [Log]               testSelectRandomBook() PASSED 
2022-08-15 09:46:45,657 INFO  [Log] ************* testSelectRandomBook() Test Finished *************
 
2022-08-15 09:46:56,507 INFO  [Log] ************* testAddToCart() Test Initiated ************* 
2022-08-15 09:46:56,507 INFO  [Log]               testAddToCart() PASSED 
2022-08-15 09:46:56,508 INFO  [Log] ************* testAddToCart() Test Finished *************
 
2022-08-15 09:46:59,672 INFO  [Log] ************* testDoubleTheCart() Test Initiated ************* 
2022-08-15 09:46:59,673 INFO  [Log]               testDoubleTheCart() PASSED 
2022-08-15 09:46:59,673 INFO  [Log] ************* testDoubleTheCart() Test Finished *************
 
2022-08-15 09:47:09,573 INFO  [Log] ************* testAddAddress() Test Initiated ************* 
2022-08-15 09:47:09,573 INFO  [Log]               testAddAddress() PASSED 
2022-08-15 09:47:09,573 INFO  [Log] ************* testAddAddress() Test Finished *************
 
2022-08-15 09:47:13,998 INFO  [Log] ************* testSelectShipmentCompany() Test Initiated ************* 
2022-08-15 09:47:13,998 INFO  [Log]               testSelectShipmentCompany() PASSED 
2022-08-15 09:47:13,998 INFO  [Log] ************* testSelectShipmentCompany() Test Finished *************
 
2022-08-15 09:47:20,945 INFO  [Log] ************* testRemoveFromCart() Test Initiated ************* 
2022-08-15 09:47:20,945 INFO  [Log]               testRemoveFromCart() PASSED 
2022-08-15 09:47:20,945 INFO  [Log] ************* testRemoveFromCart() Test Finished *************
 
2022-08-15 09:47:23,021 INFO  [Log] ************* testDeleteAddress() Test Initiated ************* 
2022-08-15 09:47:23,021 INFO  [Log]               testDeleteAddress() PASSED 
2022-08-15 09:47:23,021 INFO  [Log] ************* testDeleteAddress() Test Finished *************
 
2022-08-15 09:47:25,050 INFO  [Log] ************* testLogout() Test Initiated ************* 
2022-08-15 09:47:25,050 INFO  [Log]               testLogout() PASSED 
2022-08-15 09:47:25,050 INFO  [Log] ************* testLogout() Test Finished *************
 
2022-08-15 14:48:29,217 INFO  [Log] ************* testCheckLogin() Test Initiated ************* 
2022-08-15 14:48:29,217 ERROR [Log]               testCheckLogin() FAILED with cause : User Login Failed ==> expected: <true> but was: <false> 
2022-08-15 14:48:29,218 INFO  [Log] ************* testCheckLogin() Test Finished *************
 
2022-08-15 14:48:33,671 INFO  [Log] ************* testSearchBook() Test Initiated ************* 
2022-08-15 14:48:33,671 ERROR [Log]               testSearchBook() FAILED with cause : element click intercepted: Element <span class="common-sprite button-search"></span> is not clickable at point (892, 118). Other element would receive the click: <div style="width: 100%; height: 100%; position: fixed; top: 0px; left: 0px; z-index: 2000000000; background-color: rgb(255, 255, 255); opacity: 0.5;"></div>
  (Session info: chrome=104.0.5112.81)
Build info: version: '4.3.0', revision: 'a4995e2c09*'
System info: host: 'KEREMYAKUT', ip: '10.135.32.30', os.name: 'Windows 11', os.arch: 'amd64', os.version: '10.0', java.version: '18.0.1.1'
Driver info: org.openqa.selenium.chrome.ChromeDriver
Command: [283a2e8dc0816dd16e5f377bcd76b037, clickElement {id=70343050-9e23-4f8e-a188-8777c27c4e7c}]
Capabilities {acceptInsecureCerts: false, browserName: chrome, browserVersion: 104.0.5112.81, chrome: {chromedriverVersion: 104.0.5112.79 (3cf3e8c8a07d..., userDataDir: C:\Users\kerem\AppData\Loca...}, goog:chromeOptions: {debuggerAddress: localhost:54219}, networkConnectionEnabled: false, pageLoadStrategy: normal, platformName: WINDOWS, proxy: Proxy(), se:cdp: ws://localhost:54219/devtoo..., se:cdpVersion: 104.0.5112.81, setWindowRect: true, strictFileInteractability: false, timeouts: {implicit: 0, pageLoad: 300000, script: 30000}, unhandledPromptBehavior: dismiss and notify, webauthn:extension:credBlob: true, webauthn:extension:largeBlob: true, webauthn:virtualAuthenticators: true}
Element: [[ChromeDriver: chrome on WINDOWS (283a2e8dc0816dd16e5f377bcd76b037)] -> xpath: //span[contains(@class,'search')]]
Session ID: 283a2e8dc0816dd16e5f377bcd76b037 
2022-08-15 14:48:33,671 INFO  [Log] ************* testSearchBook() Test Finished *************
 
2022-08-15 14:48:38,642 INFO  [Log] ************* testSelectRandomBook() Test Initiated ************* 
2022-08-15 14:48:38,642 ERROR [Log]               testSelectRandomBook() FAILED with cause : Index: 0 
2022-08-15 14:48:38,642 INFO  [Log] ************* testSelectRandomBook() Test Finished *************
 
2022-08-15 14:48:38,642 INFO  [Log] ************* testAddToCart() Test Initiated ************* 
2022-08-15 14:48:38,642 ERROR [Log]               testAddToCart() FAILED with cause : no such window: target window already closed
from unknown error: web view not found
  (Session info: chrome=104.0.5112.81)
Build info: version: '4.3.0', revision: 'a4995e2c09*'
System info: host: 'KEREMYAKUT', ip: '10.135.32.30', os.name: 'Windows 11', os.arch: 'amd64', os.version: '10.0', java.version: '18.0.1.1'
Driver info: org.openqa.selenium.chrome.ChromeDriver
Command: [283a2e8dc0816dd16e5f377bcd76b037, findElement {using=id, value=button-cart}]
Capabilities {acceptInsecureCerts: false, browserName: chrome, browserVersion: 104.0.5112.81, chrome: {chromedriverVersion: 104.0.5112.79 (3cf3e8c8a07d..., userDataDir: C:\Users\kerem\AppData\Loca...}, goog:chromeOptions: {debuggerAddress: localhost:54219}, networkConnectionEnabled: false, pageLoadStrategy: normal, platformName: WINDOWS, proxy: Proxy(), se:cdp: ws://localhost:54219/devtoo..., se:cdpVersion: 104.0.5112.81, setWindowRect: true, strictFileInteractability: false, timeouts: {implicit: 0, pageLoad: 300000, script: 30000}, unhandledPromptBehavior: dismiss and notify, webauthn:extension:credBlob: true, webauthn:extension:largeBlob: true, webauthn:virtualAuthenticators: true}
Session ID: 283a2e8dc0816dd16e5f377bcd76b037 
2022-08-15 14:48:38,642 INFO  [Log] ************* testAddToCart() Test Finished *************
 
2022-08-15 14:48:38,658 INFO  [Log] ************* testDoubleTheCart() Test Initiated ************* 
2022-08-15 14:48:38,658 ERROR [Log]               testDoubleTheCart() FAILED with cause : no such window: target window already closed
from unknown error: web view not found
  (Session info: chrome=104.0.5112.81)
Build info: version: '4.3.0', revision: 'a4995e2c09*'
System info: host: 'KEREMYAKUT', ip: '10.135.32.30', os.name: 'Windows 11', os.arch: 'amd64', os.version: '10.0', java.version: '18.0.1.1'
Driver info: org.openqa.selenium.chrome.ChromeDriver
Command: [283a2e8dc0816dd16e5f377bcd76b037, findElement {using=name, value=quantity}]
Capabilities {acceptInsecureCerts: false, browserName: chrome, browserVersion: 104.0.5112.81, chrome: {chromedriverVersion: 104.0.5112.79 (3cf3e8c8a07d..., userDataDir: C:\Users\kerem\AppData\Loca...}, goog:chromeOptions: {debuggerAddress: localhost:54219}, networkConnectionEnabled: false, pageLoadStrategy: normal, platformName: WINDOWS, proxy: Proxy(), se:cdp: ws://localhost:54219/devtoo..., se:cdpVersion: 104.0.5112.81, setWindowRect: true, strictFileInteractability: false, timeouts: {implicit: 0, pageLoad: 300000, script: 30000}, unhandledPromptBehavior: dismiss and notify, webauthn:extension:credBlob: true, webauthn:extension:largeBlob: true, webauthn:virtualAuthenticators: true}
Session ID: 283a2e8dc0816dd16e5f377bcd76b037 
2022-08-15 14:48:38,658 INFO  [Log] ************* testDoubleTheCart() Test Finished *************
 
2022-08-15 14:48:39,683 INFO  [Log] ************* testAddAddress() Test Initiated ************* 
2022-08-15 14:48:39,683 ERROR [Log]               testAddAddress() FAILED with cause : no such window: target window already closed
from unknown error: web view not found
  (Session info: chrome=104.0.5112.81)
Build info: version: '4.3.0', revision: 'a4995e2c09*'
System info: host: 'KEREMYAKUT', ip: '10.135.32.30', os.name: 'Windows 11', os.arch: 'amd64', os.version: '10.0', java.version: '18.0.1.1'
Driver info: org.openqa.selenium.chrome.ChromeDriver
Command: [283a2e8dc0816dd16e5f377bcd76b037, findElement {using=xpath, value=//a[contains(@onclick,'new')]}]
Capabilities {acceptInsecureCerts: false, browserName: chrome, browserVersion: 104.0.5112.81, chrome: {chromedriverVersion: 104.0.5112.79 (3cf3e8c8a07d..., userDataDir: C:\Users\kerem\AppData\Loca...}, goog:chromeOptions: {debuggerAddress: localhost:54219}, networkConnectionEnabled: false, pageLoadStrategy: normal, platformName: WINDOWS, proxy: Proxy(), se:cdp: ws://localhost:54219/devtoo..., se:cdpVersion: 104.0.5112.81, setWindowRect: true, strictFileInteractability: false, timeouts: {implicit: 0, pageLoad: 300000, script: 30000}, unhandledPromptBehavior: dismiss and notify, webauthn:extension:credBlob: true, webauthn:extension:largeBlob: true, webauthn:virtualAuthenticators: true}
Session ID: 283a2e8dc0816dd16e5f377bcd76b037 
2022-08-15 14:48:39,683 INFO  [Log] ************* testAddAddress() Test Finished *************
 
2022-08-15 14:48:41,719 INFO  [Log] ************* testSelectShipmentCompany() Test Initiated ************* 
2022-08-15 14:48:41,719 ERROR [Log]               testSelectShipmentCompany() FAILED with cause : no such window: target window already closed
from unknown error: web view not found
  (Session info: chrome=104.0.5112.81)
Build info: version: '4.3.0', revision: 'a4995e2c09*'
System info: host: 'KEREMYAKUT', ip: '10.135.32.30', os.name: 'Windows 11', os.arch: 'amd64', os.version: '10.0', java.version: '18.0.1.1'
Driver info: org.openqa.selenium.chrome.ChromeDriver
Command: [283a2e8dc0816dd16e5f377bcd76b037, findElement {using=xpath, value=//input[@value="23-non"]}]
Capabilities {acceptInsecureCerts: false, browserName: chrome, browserVersion: 104.0.5112.81, chrome: {chromedriverVersion: 104.0.5112.79 (3cf3e8c8a07d..., userDataDir: C:\Users\kerem\AppData\Loca...}, goog:chromeOptions: {debuggerAddress: localhost:54219}, networkConnectionEnabled: false, pageLoadStrategy: normal, platformName: WINDOWS, proxy: Proxy(), se:cdp: ws://localhost:54219/devtoo..., se:cdpVersion: 104.0.5112.81, setWindowRect: true, strictFileInteractability: false, timeouts: {implicit: 0, pageLoad: 300000, script: 30000}, unhandledPromptBehavior: dismiss and notify, webauthn:extension:credBlob: true, webauthn:extension:largeBlob: true, webauthn:virtualAuthenticators: true}
Session ID: 283a2e8dc0816dd16e5f377bcd76b037 
2022-08-15 14:48:41,719 INFO  [Log] ************* testSelectShipmentCompany() Test Finished *************
 
2022-08-15 14:48:43,729 INFO  [Log] ************* testRemoveFromCart() Test Initiated ************* 
2022-08-15 14:48:43,729 ERROR [Log]               testRemoveFromCart() FAILED with cause : no such window: target window already closed
from unknown error: web view not found
  (Session info: chrome=104.0.5112.81)
Build info: version: '4.3.0', revision: 'a4995e2c09*'
System info: host: 'KEREMYAKUT', ip: '10.135.32.30', os.name: 'Windows 11', os.arch: 'amd64', os.version: '10.0', java.version: '18.0.1.1'
Driver info: org.openqa.selenium.chrome.ChromeDriver
Command: [283a2e8dc0816dd16e5f377bcd76b037, findElement {using=id, value=cart-header}]
Capabilities {acceptInsecureCerts: false, browserName: chrome, browserVersion: 104.0.5112.81, chrome: {chromedriverVersion: 104.0.5112.79 (3cf3e8c8a07d..., userDataDir: C:\Users\kerem\AppData\Loca...}, goog:chromeOptions: {debuggerAddress: localhost:54219}, networkConnectionEnabled: false, pageLoadStrategy: normal, platformName: WINDOWS, proxy: Proxy(), se:cdp: ws://localhost:54219/devtoo..., se:cdpVersion: 104.0.5112.81, setWindowRect: true, strictFileInteractability: false, timeouts: {implicit: 0, pageLoad: 300000, script: 30000}, unhandledPromptBehavior: dismiss and notify, webauthn:extension:credBlob: true, webauthn:extension:largeBlob: true, webauthn:virtualAuthenticators: true}
Session ID: 283a2e8dc0816dd16e5f377bcd76b037 
2022-08-15 14:48:43,729 INFO  [Log] ************* testRemoveFromCart() Test Finished *************
 
2022-08-15 14:48:43,738 INFO  [Log] ************* testDeleteAddress() Test Initiated ************* 
2022-08-15 14:48:43,739 ERROR [Log]               testDeleteAddress() FAILED with cause : no such window: target window already closed
from unknown error: web view not found
  (Session info: chrome=104.0.5112.81)
Build info: version: '4.3.0', revision: 'a4995e2c09*'
System info: host: 'KEREMYAKUT', ip: '10.135.32.30', os.name: 'Windows 11', os.arch: 'amd64', os.version: '10.0', java.version: '18.0.1.1'
Driver info: org.openqa.selenium.chrome.ChromeDriver
Command: [283a2e8dc0816dd16e5f377bcd76b037, findElement {using=xpath, value=//a[contains(@href,'route=account/account') and @class="common-sprite"]}]
Capabilities {acceptInsecureCerts: false, browserName: chrome, browserVersion: 104.0.5112.81, chrome: {chromedriverVersion: 104.0.5112.79 (3cf3e8c8a07d..., userDataDir: C:\Users\kerem\AppData\Loca...}, goog:chromeOptions: {debuggerAddress: localhost:54219}, networkConnectionEnabled: false, pageLoadStrategy: normal, platformName: WINDOWS, proxy: Proxy(), se:cdp: ws://localhost:54219/devtoo..., se:cdpVersion: 104.0.5112.81, setWindowRect: true, strictFileInteractability: false, timeouts: {implicit: 0, pageLoad: 300000, script: 30000}, unhandledPromptBehavior: dismiss and notify, webauthn:extension:credBlob: true, webauthn:extension:largeBlob: true, webauthn:virtualAuthenticators: true}
Session ID: 283a2e8dc0816dd16e5f377bcd76b037 
2022-08-15 14:48:43,739 INFO  [Log] ************* testDeleteAddress() Test Finished *************
 
2022-08-15 14:48:43,751 INFO  [Log] ************* testLogout() Test Initiated ************* 
2022-08-15 14:48:43,751 ERROR [Log]               testLogout() FAILED with cause : no such window: target window already closed
from unknown error: web view not found
  (Session info: chrome=104.0.5112.81)
Build info: version: '4.3.0', revision: 'a4995e2c09*'
System info: host: 'KEREMYAKUT', ip: '10.135.32.30', os.name: 'Windows 11', os.arch: 'amd64', os.version: '10.0', java.version: '18.0.1.1'
Driver info: org.openqa.selenium.chrome.ChromeDriver
Command: [283a2e8dc0816dd16e5f377bcd76b037, findElement {using=xpath, value=//a[contains(@href,'route=account/account') and @class="common-sprite"]}]
Capabilities {acceptInsecureCerts: false, browserName: chrome, browserVersion: 104.0.5112.81, chrome: {chromedriverVersion: 104.0.5112.79 (3cf3e8c8a07d..., userDataDir: C:\Users\kerem\AppData\Loca...}, goog:chromeOptions: {debuggerAddress: localhost:54219}, networkConnectionEnabled: false, pageLoadStrategy: normal, platformName: WINDOWS, proxy: Proxy(), se:cdp: ws://localhost:54219/devtoo..., se:cdpVersion: 104.0.5112.81, setWindowRect: true, strictFileInteractability: false, timeouts: {implicit: 0, pageLoad: 300000, script: 30000}, unhandledPromptBehavior: dismiss and notify, webauthn:extension:credBlob: true, webauthn:extension:largeBlob: true, webauthn:virtualAuthenticators: true}
Session ID: 283a2e8dc0816dd16e5f377bcd76b037 
2022-08-15 14:48:43,751 INFO  [Log] ************* testLogout() Test Finished *************
 
2022-08-15 14:49:07,406 INFO  [Log] ************* testCheckLogin() Test Initiated ************* 
2022-08-15 14:49:07,406 ERROR [Log]               testCheckLogin() FAILED with cause : User Login Failed ==> expected: <true> but was: <false> 
2022-08-15 14:49:07,406 INFO  [Log] ************* testCheckLogin() Test Finished *************
 
2022-08-15 14:49:13,350 INFO  [Log] ************* testSearchBook() Test Initiated ************* 
2022-08-15 14:49:13,350 INFO  [Log]               testSearchBook() PASSED 
2022-08-15 14:49:13,350 INFO  [Log] ************* testSearchBook() Test Finished *************
 
2022-08-15 14:49:21,285 INFO  [Log] ************* testSelectRandomBook() Test Initiated ************* 
2022-08-15 14:49:21,285 INFO  [Log]               testSelectRandomBook() PASSED 
2022-08-15 14:49:21,285 INFO  [Log] ************* testSelectRandomBook() Test Finished *************
 
2022-08-15 14:49:30,931 INFO  [Log] ************* testAddToCart() Test Initiated ************* 
2022-08-15 14:49:30,931 INFO  [Log]               testAddToCart() PASSED 
2022-08-15 14:49:30,931 INFO  [Log] ************* testAddToCart() Test Finished *************
 
2022-08-15 14:49:33,948 INFO  [Log] ************* testDoubleTheCart() Test Initiated ************* 
2022-08-15 14:49:33,948 INFO  [Log]               testDoubleTheCart() PASSED 
2022-08-15 14:49:33,948 INFO  [Log] ************* testDoubleTheCart() Test Finished *************
 
2022-08-15 14:49:43,959 INFO  [Log] ************* testAddAddress() Test Initiated ************* 
2022-08-15 14:49:43,959 INFO  [Log]               testAddAddress() PASSED 
2022-08-15 14:49:43,959 INFO  [Log] ************* testAddAddress() Test Finished *************
 
2022-08-15 14:49:48,381 INFO  [Log] ************* testSelectShipmentCompany() Test Initiated ************* 
2022-08-15 14:49:48,381 INFO  [Log]               testSelectShipmentCompany() PASSED 
2022-08-15 14:49:48,381 INFO  [Log] ************* testSelectShipmentCompany() Test Finished *************
 
2022-08-15 14:49:55,323 INFO  [Log] ************* testRemoveFromCart() Test Initiated ************* 
2022-08-15 14:49:55,324 INFO  [Log]               testRemoveFromCart() PASSED 
2022-08-15 14:49:55,324 INFO  [Log] ************* testRemoveFromCart() Test Finished *************
 
2022-08-15 14:49:57,227 INFO  [Log] ************* testDeleteAddress() Test Initiated ************* 
2022-08-15 14:49:57,227 INFO  [Log]               testDeleteAddress() PASSED 
2022-08-15 14:49:57,227 INFO  [Log] ************* testDeleteAddress() Test Finished *************
 
2022-08-15 14:49:59,403 INFO  [Log] ************* testLogout() Test Initiated ************* 
2022-08-15 14:49:59,403 INFO  [Log]               testLogout() PASSED 
2022-08-15 14:49:59,403 INFO  [Log] ************* testLogout() Test Finished *************
 
2022-08-15 15:10:43,697 INFO  [Log] ************* testCheckHomePage() Test Initiated ************* 
2022-08-15 15:10:43,698 INFO  [Log]               testCheckHomePage() PASSED 
2022-08-15 15:10:43,698 INFO  [Log] ************* testCheckHomePage() Test Finished *************
 
2022-08-15 15:10:47,676 INFO  [Log] ************* testCheckLogin() Test Initiated ************* 
2022-08-15 15:10:47,676 INFO  [Log]               testCheckLogin() PASSED 
2022-08-15 15:10:47,676 INFO  [Log] ************* testCheckLogin() Test Finished *************
 
2022-08-15 15:10:52,372 INFO  [Log] ************* testSearchBook() Test Initiated ************* 
2022-08-15 15:10:52,372 INFO  [Log]               testSearchBook() PASSED 
2022-08-15 15:10:52,372 INFO  [Log] ************* testSearchBook() Test Finished *************
 
2022-08-15 15:10:59,562 INFO  [Log] ************* testSelectBook() Test Initiated ************* 
2022-08-15 15:10:59,562 INFO  [Log]               testSelectBook() PASSED 
2022-08-15 15:10:59,562 INFO  [Log] ************* testSelectBook() Test Finished *************
 
2022-08-15 15:11:01,610 INFO  [Log] ************* testAddBookToFavorites() Test Initiated ************* 
2022-08-15 15:11:01,610 INFO  [Log]               testAddBookToFavorites() PASSED 
2022-08-15 15:11:01,610 INFO  [Log] ************* testAddBookToFavorites() Test Finished *************
 
2022-08-15 15:11:04,835 INFO  [Log] ************* testRemoveBookFromFavorites() Test Initiated ************* 
2022-08-15 15:11:04,835 INFO  [Log]               testRemoveBookFromFavorites() PASSED 
2022-08-15 15:11:04,835 INFO  [Log] ************* testRemoveBookFromFavorites() Test Finished *************
 
2022-08-15 15:11:08,518 INFO  [Log] ************* testLogout() Test Initiated ************* 
2022-08-15 15:11:08,520 INFO  [Log]               testLogout() PASSED 
2022-08-15 15:11:08,520 INFO  [Log] ************* testLogout() Test Finished *************
 
2022-08-15 15:25:45,681 INFO  [BasePage] By.xpath: //a[contains(@href,'login')]Elementine tiklandi 
2022-08-15 15:25:47,176 INFO  [BasePage] By.xpath: //button[contains(@class,'login')]Elementine tiklandi 
2022-08-15 15:25:49,251 INFO  [Log] ************* testCheckLogin() Test Initiated ************* 
2022-08-15 15:25:49,251 INFO  [Log]               testCheckLogin() PASSED 
2022-08-15 15:25:49,252 INFO  [Log] ************* testCheckLogin() Test Finished *************
 
2022-08-15 15:25:53,859 INFO  [BasePage] By.xpath: //span[contains(@class,'search')]Elementine tiklandi 
2022-08-15 15:25:53,872 INFO  [Log] ************* testSearchBook() Test Initiated ************* 
2022-08-15 15:25:53,872 INFO  [Log]               testSearchBook() PASSED 
2022-08-15 15:25:53,872 INFO  [Log] ************* testSearchBook() Test Finished *************
 
2022-08-15 15:26:20,393 INFO  [Log] ************* testSelectRandomBook() Test Initiated ************* 
2022-08-15 15:26:20,394 ERROR [Log]               testSelectRandomBook() FAILED with cause : no such element: Unable to locate element: {"method":"xpath","selector":"//img[contains(@src,'wi:220')]"}
  (Session info: chrome=104.0.5112.81)
For documentation on this error, please visit: https://selenium.dev/exceptions/#no_such_element
Build info: version: '4.3.0', revision: 'a4995e2c09*'
System info: host: 'KEREMYAKUT', ip: '172.20.10.2', os.name: 'Windows 11', os.arch: 'amd64', os.version: '10.0', java.version: '18.0.1.1'
Driver info: org.openqa.selenium.chrome.ChromeDriver
Command: [44091a57221ab72a72297a211cb71b02, findElement {using=xpath, value=//img[contains(@src,'wi:220')]}]
Capabilities {acceptInsecureCerts: false, browserName: chrome, browserVersion: 104.0.5112.81, chrome: {chromedriverVersion: 104.0.5112.79 (3cf3e8c8a07d..., userDataDir: C:\Users\kerem\AppData\Loca...}, goog:chromeOptions: {debuggerAddress: localhost:54929}, networkConnectionEnabled: false, pageLoadStrategy: normal, platformName: WINDOWS, proxy: Proxy(), se:cdp: ws://localhost:54929/devtoo..., se:cdpVersion: 104.0.5112.81, setWindowRect: true, strictFileInteractability: false, timeouts: {implicit: 0, pageLoad: 300000, script: 30000}, unhandledPromptBehavior: dismiss and notify, webauthn:extension:credBlob: true, webauthn:extension:largeBlob: true, webauthn:virtualAuthenticators: true}
Session ID: 44091a57221ab72a72297a211cb71b02 
2022-08-15 15:26:20,396 INFO  [Log] ************* testSelectRandomBook() Test Finished *************
 
2022-08-15 15:26:20,843 INFO  [BasePage] By.id: button-cartElementine tiklandi 
2022-08-15 15:26:23,207 INFO  [BasePage] By.id: cart-itemsElementine tiklandi 
2022-08-15 15:26:24,997 INFO  [BasePage] By.id: js-cartElementine tiklandi 
2022-08-15 15:26:31,130 INFO  [Log] ************* testAddToCart() Test Initiated ************* 
2022-08-15 15:26:31,131 INFO  [Log]               testAddToCart() PASSED 
2022-08-15 15:26:31,131 INFO  [Log] ************* testAddToCart() Test Finished *************
 
2022-08-15 15:26:32,002 INFO  [BasePage] By.xpath: //i[contains(@onclick,'cart')]Elementine tiklandi 
2022-08-15 15:26:35,081 INFO  [Log] ************* testDoubleTheCart() Test Initiated ************* 
2022-08-15 15:26:35,081 INFO  [Log]               testDoubleTheCart() PASSED 
2022-08-15 15:26:35,081 INFO  [Log] ************* testDoubleTheCart() Test Finished *************
 
2022-08-15 15:26:36,507 INFO  [BasePage] By.xpath: //a[contains(@onclick,'new')]Elementine tiklandi 
2022-08-15 15:26:41,379 INFO  [BasePage] By.id: address_type_2Elementine tiklandi 
2022-08-15 15:26:47,709 INFO  [BasePage] By.id: button-checkout-continueElementine tiklandi 
2022-08-15 15:26:48,731 INFO  [Log] ************* testAddAddress() Test Initiated ************* 
2022-08-15 15:26:48,731 INFO  [Log]               testAddAddress() PASSED 
2022-08-15 15:26:48,732 INFO  [Log] ************* testAddAddress() Test Finished *************
 
2022-08-15 15:26:51,092 INFO  [BasePage] By.xpath: //input[@value="23-non"]Elementine tiklandi 
2022-08-15 15:26:51,432 INFO  [BasePage] By.id: button-checkout-continueElementine tiklandi 
2022-08-15 15:26:53,469 INFO  [Log] ************* testSelectShipmentCompany() Test Initiated ************* 
2022-08-15 15:26:53,470 INFO  [Log]               testSelectShipmentCompany() PASSED 
2022-08-15 15:26:53,470 INFO  [Log] ************* testSelectShipmentCompany() Test Finished *************
 
2022-08-15 15:26:56,956 INFO  [BasePage] By.id: cart-headerElementine tiklandi 
2022-08-15 15:26:59,321 INFO  [BasePage] By.xpath: //i[@title="Kaldr"]Elementine tiklandi 
2022-08-15 15:27:01,417 INFO  [Log] ************* testRemoveFromCart() Test Initiated ************* 
2022-08-15 15:27:01,418 INFO  [Log]               testRemoveFromCart() PASSED 
2022-08-15 15:27:01,418 INFO  [Log] ************* testRemoveFromCart() Test Finished *************
 
2022-08-15 15:27:02,720 INFO  [BasePage] By.xpath: //a[contains(@href,'route=account/account') and @class="common-sprite"]Elementine tiklandi 
2022-08-15 15:27:03,874 INFO  [BasePage] By.xpath: //a[contains(@href,'address') and @class='highlight-link']Elementine tiklandi 
2022-08-15 15:27:04,819 INFO  [Log] ************* testDeleteAddress() Test Initiated ************* 
2022-08-15 15:27:04,820 INFO  [Log]               testDeleteAddress() PASSED 
2022-08-15 15:27:04,820 INFO  [Log] ************* testDeleteAddress() Test Finished *************
 
2022-08-15 15:27:07,843 INFO  [Log] ************* testLogout() Test Initiated ************* 
2022-08-15 15:27:07,843 INFO  [Log]               testLogout() PASSED 
2022-08-15 15:27:07,844 INFO  [Log] ************* testLogout() Test Finished *************
 
2022-08-15 16:17:44,237 INFO  [BasePage] By.xpath: //a[contains(@href,'login')]Elementi bulundu. 
2022-08-15 16:17:44,376 INFO  [BasePage] By.xpath: //a[contains(@href,'login')]Elementine scroll islemi uygulandi. 
2022-08-15 16:17:44,376 INFO  [BasePage] By.xpath: //a[contains(@href,'login')]Elementi bulundu. 
2022-08-15 16:17:45,460 INFO  [BasePage] By.xpath: //a[contains(@href,'login')]Elementine tiklandi 
2022-08-15 16:17:45,461 INFO  [BasePage] By.id: login-emailElementi bulundu. 
2022-08-15 16:17:45,596 INFO  [BasePage] By.id: login-emailElementine scroll islemi uygulandi. 
2022-08-15 16:17:45,596 INFO  [BasePage] By.id: login-emailElementi bulundu. 
2022-08-15 16:17:45,630 INFO  [BasePage] By.id: login-emailElementi bulundu. 
2022-08-15 16:17:45,693 INFO  [BasePage] By.id: login-emailElementine 'kyakut35@gmail.com' yazildi. 
2022-08-15 16:17:45,693 INFO  [BasePage] By.id: login-passwordElementi bulundu. 
2022-08-15 16:17:45,829 INFO  [BasePage] By.id: login-passwordElementine scroll islemi uygulandi. 
2022-08-15 16:17:45,829 INFO  [BasePage] By.id: login-passwordElementi bulundu. 
2022-08-15 16:17:45,861 INFO  [BasePage] By.id: login-passwordElementi bulundu. 
2022-08-15 16:17:45,904 INFO  [BasePage] By.id: login-passwordElementine '12345678' yazildi. 
2022-08-15 16:17:45,904 INFO  [BasePage] By.xpath: //button[contains(@class,'login')]Elementi bulundu. 
2022-08-15 16:17:46,034 INFO  [BasePage] By.xpath: //button[contains(@class,'login')]Elementine scroll islemi uygulandi. 
2022-08-15 16:17:46,035 INFO  [BasePage] By.xpath: //button[contains(@class,'login')]Elementi bulundu. 
2022-08-15 16:17:46,100 INFO  [BasePage] By.xpath: //button[contains(@class,'login')]Elementine tiklandi 
2022-08-15 16:17:48,111 INFO  [Log] ************* testCheckLogin() Test Initiated ************* 
2022-08-15 16:17:48,111 INFO  [Log]               testCheckLogin() PASSED 
2022-08-15 16:17:48,111 INFO  [Log] ************* testCheckLogin() Test Finished *************
 
2022-08-15 16:17:51,133 INFO  [BasePage] By.cssSelector: input#search-inputElementi bulundu. 
2022-08-15 16:17:51,260 INFO  [BasePage] By.cssSelector: input#search-inputElementine scroll islemi uygulandi. 
2022-08-15 16:17:51,260 INFO  [BasePage] By.cssSelector: input#search-inputElementi bulundu. 
2022-08-15 16:17:51,298 INFO  [BasePage] By.cssSelector: input#search-inputElementi bulundu. 
2022-08-15 16:17:51,357 INFO  [BasePage] By.cssSelector: input#search-inputElementine 'Felsefe' yazildi. 
2022-08-15 16:17:51,357 INFO  [BasePage] By.xpath: //span[contains(@class,'search')]Elementi bulundu. 
2022-08-15 16:17:51,497 INFO  [BasePage] By.xpath: //span[contains(@class,'search')]Elementine scroll islemi uygulandi. 
2022-08-15 16:17:51,497 INFO  [BasePage] By.xpath: //span[contains(@class,'search')]Elementi bulundu. 
2022-08-15 16:17:52,512 INFO  [BasePage] By.xpath: //span[contains(@class,'search')]Elementine tiklandi 
2022-08-15 16:17:52,518 INFO  [Log] ************* testSearchBook() Test Initiated ************* 
2022-08-15 16:17:52,519 INFO  [Log]               testSearchBook() PASSED 
2022-08-15 16:17:52,519 INFO  [Log] ************* testSearchBook() Test Finished *************
 
2022-08-15 16:17:52,521 INFO  [BasePage] By.xpath: //a[contains(@href,'search&page')]Elementler bulundu. 
2022-08-15 16:17:55,955 INFO  [BasePage] By.xpath: //img[contains(@src,'wi:100')]Elementler bulundu. 
2022-08-15 16:17:58,923 INFO  [BasePage] By.xpath: //div[@class="price__item"]Elementi bulundu. 
2022-08-15 16:17:58,939 INFO  [BasePage] By.xpath: //img[contains(@src,'wi:220')]Elementi bulundu. 
2022-08-15 16:17:58,990 INFO  [Log] ************* testSelectRandomBook() Test Initiated ************* 
2022-08-15 16:17:58,990 INFO  [Log]               testSelectRandomBook() PASSED 
2022-08-15 16:17:58,990 INFO  [Log] ************* testSelectRandomBook() Test Finished *************
 
2022-08-15 16:17:58,990 INFO  [BasePage] By.id: button-cartElementi bulundu. 
2022-08-15 16:17:59,136 INFO  [BasePage] By.id: button-cartElementine scroll islemi uygulandi. 
2022-08-15 16:17:59,136 INFO  [BasePage] By.id: button-cartElementi bulundu. 
2022-08-15 16:17:59,192 INFO  [BasePage] By.id: button-cartElementine tiklandi 
2022-08-15 16:18:01,204 INFO  [BasePage] By.id: cart-itemsElementi bulundu. 
2022-08-15 16:18:01,344 INFO  [BasePage] By.id: cart-itemsElementine scroll islemi uygulandi. 
2022-08-15 16:18:01,344 INFO  [BasePage] By.id: cart-itemsElementi bulundu. 
2022-08-15 16:18:01,383 INFO  [BasePage] By.id: cart-itemsElementine tiklandi 
2022-08-15 16:18:01,383 INFO  [BasePage] By.id: js-cartElementi bulundu. 
2022-08-15 16:18:01,777 INFO  [BasePage] By.id: js-cartElementine scroll islemi uygulandi. 
2022-08-15 16:18:01,778 INFO  [BasePage] By.id: js-cartElementi bulundu. 
2022-08-15 16:18:02,712 INFO  [BasePage] By.id: js-cartElementine tiklandi 
2022-08-15 16:18:04,722 INFO  [BasePage] By.xpath: //span[@class="price-new"]Elementi bulundu. 
2022-08-15 16:18:08,766 INFO  [BasePage] By.xpath: //img[@style="max-height:80px;"]Elementler bulundu. 
2022-08-15 16:18:08,776 INFO  [Log] ************* testAddToCart() Test Initiated ************* 
2022-08-15 16:18:08,776 INFO  [Log]               testAddToCart() PASSED 
2022-08-15 16:18:08,776 INFO  [Log] ************* testAddToCart() Test Finished *************
 
2022-08-15 16:18:08,776 INFO  [BasePage] By.name: quantityElementi bulundu. 
2022-08-15 16:18:08,919 INFO  [BasePage] By.name: quantityElementine scroll islemi uygulandi. 
2022-08-15 16:18:08,921 INFO  [BasePage] By.name: quantityElementi bulundu. 
2022-08-15 16:18:08,954 INFO  [BasePage] By.name: quantityElementi bulundu. 
2022-08-15 16:18:08,992 INFO  [BasePage] By.name: quantityElementine '2' yazildi. 
2022-08-15 16:18:08,992 INFO  [BasePage] By.xpath: //i[contains(@onclick,'cart')]Elementi bulundu. 
2022-08-15 16:18:09,126 INFO  [BasePage] By.xpath: //i[contains(@onclick,'cart')]Elementine scroll islemi uygulandi. 
2022-08-15 16:18:09,126 INFO  [BasePage] By.xpath: //i[contains(@onclick,'cart')]Elementi bulundu. 
2022-08-15 16:18:09,170 INFO  [BasePage] By.xpath: //i[contains(@onclick,'cart')]Elementine tiklandi 
2022-08-15 16:18:11,180 INFO  [BasePage] By.xpath: //input[@value="2"]Elementi bulundu. 
2022-08-15 16:18:11,219 INFO  [BasePage] By.xpath: //a[contains(@href,'route=checkout') and @class="button red"]Elementler bulundu. 
2022-08-15 16:18:11,806 INFO  [Log] ************* testDoubleTheCart() Test Initiated ************* 
2022-08-15 16:18:11,806 INFO  [Log]               testDoubleTheCart() PASSED 
2022-08-15 16:18:11,806 INFO  [Log] ************* testDoubleTheCart() Test Finished *************
 
2022-08-15 16:18:12,813 INFO  [BasePage] By.xpath: //a[contains(@onclick,'new')]Elementi bulundu. 
2022-08-15 16:18:12,949 INFO  [BasePage] By.xpath: //a[contains(@onclick,'new')]Elementine scroll islemi uygulandi. 
2022-08-15 16:18:12,949 INFO  [BasePage] By.xpath: //a[contains(@onclick,'new')]Elementi bulundu. 
2022-08-15 16:18:12,996 INFO  [BasePage] By.xpath: //a[contains(@onclick,'new')]Elementine tiklandi 
2022-08-15 16:18:12,996 INFO  [BasePage] By.name: firstname_companynameElementi bulundu. 
2022-08-15 16:18:13,151 INFO  [BasePage] By.name: firstname_companynameElementine scroll islemi uygulandi. 
2022-08-15 16:18:13,151 INFO  [BasePage] By.name: firstname_companynameElementi bulundu. 
2022-08-15 16:18:13,186 INFO  [BasePage] By.name: firstname_companynameElementi bulundu. 
2022-08-15 16:18:13,240 INFO  [BasePage] By.name: firstname_companynameElementine 'Testinium' yazildi. 
2022-08-15 16:18:13,240 INFO  [BasePage] By.name: lastname_titleElementi bulundu. 
2022-08-15 16:18:13,384 INFO  [BasePage] By.name: lastname_titleElementine scroll islemi uygulandi. 
2022-08-15 16:18:13,384 INFO  [BasePage] By.name: lastname_titleElementi bulundu. 
2022-08-15 16:18:13,419 INFO  [BasePage] By.name: lastname_titleElementi bulundu. 
2022-08-15 16:18:13,469 INFO  [BasePage] By.name: lastname_titleElementine 'Software Testing' yazildi. 
2022-08-15 16:18:13,470 INFO  [BasePage] By.id: address-zone-idElementi bulundu. 
2022-08-15 16:18:13,536 INFO  [BasePage] By.id: address-county-idElementi bulundu. 
2022-08-15 16:18:13,739 INFO  [BasePage] By.id: districtElementi bulundu. 
2022-08-15 16:18:13,865 INFO  [BasePage] By.id: districtElementine scroll islemi uygulandi. 
2022-08-15 16:18:13,865 INFO  [BasePage] By.id: districtElementi bulundu. 
2022-08-15 16:18:13,905 INFO  [BasePage] By.id: districtElementi bulundu. 
2022-08-15 16:18:13,973 INFO  [BasePage] By.id: districtElementine 'SOANLIK YEN MAH' yazildi. 
2022-08-15 16:18:13,974 INFO  [BasePage] By.id: address-address-textElementi bulundu. 
2022-08-15 16:18:14,095 INFO  [BasePage] By.id: address-address-textElementine scroll islemi uygulandi. 
2022-08-15 16:18:14,095 INFO  [BasePage] By.id: address-address-textElementi bulundu. 
2022-08-15 16:18:14,142 INFO  [BasePage] By.id: address-address-textElementi bulundu. 
2022-08-15 16:18:14,205 INFO  [BasePage] By.id: address-address-textElementine 'Testinium Merkez Bina' yazildi. 
2022-08-15 16:18:14,205 INFO  [BasePage] By.id: address-postcodeElementi bulundu. 
2022-08-15 16:18:14,328 INFO  [BasePage] By.id: address-postcodeElementine scroll islemi uygulandi. 
2022-08-15 16:18:14,328 INFO  [BasePage] By.id: address-postcodeElementi bulundu. 
2022-08-15 16:18:14,359 INFO  [BasePage] By.id: address-postcodeElementi bulundu. 
2022-08-15 16:18:14,402 INFO  [BasePage] By.id: address-postcodeElementine '34870' yazildi. 
2022-08-15 16:18:14,402 INFO  [BasePage] By.id: address-mobile-telephoneElementi bulundu. 
2022-08-15 16:18:14,533 INFO  [BasePage] By.id: address-mobile-telephoneElementine scroll islemi uygulandi. 
2022-08-15 16:18:14,533 INFO  [BasePage] By.id: address-mobile-telephoneElementi bulundu. 
2022-08-15 16:18:14,561 INFO  [BasePage] By.id: address-mobile-telephoneElementi bulundu. 
2022-08-15 16:18:14,611 INFO  [BasePage] By.id: address-mobile-telephoneElementine '5301234562' yazildi. 
2022-08-15 16:18:14,611 INFO  [BasePage] By.id: address-telephoneElementi bulundu. 
2022-08-15 16:18:14,744 INFO  [BasePage] By.id: address-telephoneElementine scroll islemi uygulandi. 
2022-08-15 16:18:14,744 INFO  [BasePage] By.id: address-telephoneElementi bulundu. 
2022-08-15 16:18:14,791 INFO  [BasePage] By.id: address-telephoneElementi bulundu. 
2022-08-15 16:18:14,838 INFO  [BasePage] By.id: address-telephoneElementine '2121234562' yazildi. 
2022-08-15 16:18:14,838 INFO  [BasePage] By.id: address_type_2Elementi bulundu. 
2022-08-15 16:18:14,962 INFO  [BasePage] By.id: address_type_2Elementine scroll islemi uygulandi. 
2022-08-15 16:18:14,962 INFO  [BasePage] By.id: address_type_2Elementi bulundu. 
2022-08-15 16:18:15,006 INFO  [BasePage] By.id: address_type_2Elementine tiklandi 
2022-08-15 16:18:18,019 INFO  [BasePage] By.name: company_idElementi bulundu. 
2022-08-15 16:18:18,176 INFO  [BasePage] By.name: company_idElementine scroll islemi uygulandi. 
2022-08-15 16:18:18,176 INFO  [BasePage] By.name: company_idElementi bulundu. 
2022-08-15 16:18:18,207 INFO  [BasePage] By.name: company_idElementi bulundu. 
2022-08-15 16:18:18,269 INFO  [BasePage] By.name: company_idElementine 'Kartal Vergi Dairesi' yazildi. 
2022-08-15 16:18:18,269 INFO  [BasePage] By.name: tax_idElementi bulundu. 
2022-08-15 16:18:18,408 INFO  [BasePage] By.name: tax_idElementine scroll islemi uygulandi. 
2022-08-15 16:18:18,408 INFO  [BasePage] By.name: tax_idElementi bulundu. 
2022-08-15 16:18:18,439 INFO  [BasePage] By.name: tax_idElementi bulundu. 
2022-08-15 16:18:18,488 INFO  [BasePage] By.name: tax_idElementine '1234567890' yazildi. 
2022-08-15 16:18:20,491 INFO  [BasePage] By.id: button-checkout-continueElementi bulundu. 
2022-08-15 16:18:20,640 INFO  [BasePage] By.id: button-checkout-continueElementine scroll islemi uygulandi. 
2022-08-15 16:18:20,640 INFO  [BasePage] By.id: button-checkout-continueElementi bulundu. 
2022-08-15 16:18:20,679 INFO  [BasePage] By.id: button-checkout-continueElementine tiklandi 
2022-08-15 16:18:21,698 INFO  [Log] ************* testAddAddress() Test Initiated ************* 
2022-08-15 16:18:21,699 INFO  [Log]               testAddAddress() PASSED 
2022-08-15 16:18:21,699 INFO  [Log] ************* testAddAddress() Test Finished *************
 
2022-08-15 16:18:23,712 INFO  [BasePage] By.xpath: //input[@value="23-non"]Elementi bulundu. 
2022-08-15 16:18:23,853 INFO  [BasePage] By.xpath: //input[@value="23-non"]Elementine scroll islemi uygulandi. 
2022-08-15 16:18:23,853 INFO  [BasePage] By.xpath: //input[@value="23-non"]Elementi bulundu. 
2022-08-15 16:18:23,895 INFO  [BasePage] By.xpath: //input[@value="23-non"]Elementine tiklandi 
2022-08-15 16:18:23,895 INFO  [BasePage] By.id: button-checkout-continueElementi bulundu. 
2022-08-15 16:18:24,020 INFO  [BasePage] By.id: button-checkout-continueElementine scroll islemi uygulandi. 
2022-08-15 16:18:24,020 INFO  [BasePage] By.id: button-checkout-continueElementi bulundu. 
2022-08-15 16:18:24,074 INFO  [BasePage] By.id: button-checkout-continueElementine tiklandi 
2022-08-15 16:18:26,096 INFO  [Log] ************* testSelectShipmentCompany() Test Initiated ************* 
2022-08-15 16:18:26,096 INFO  [Log]               testSelectShipmentCompany() PASSED 
2022-08-15 16:18:26,096 INFO  [Log] ************* testSelectShipmentCompany() Test Finished *************
 
2022-08-15 16:18:28,118 INFO  [BasePage] By.id: cart-headerElementi bulundu. 
2022-08-15 16:18:28,251 INFO  [BasePage] By.id: cart-headerElementine scroll islemi uygulandi. 
2022-08-15 16:18:28,251 INFO  [BasePage] By.id: cart-headerElementi bulundu. 
2022-08-15 16:18:28,803 INFO  [BasePage] By.id: cart-headerElementine tiklandi 
2022-08-15 16:18:30,816 INFO  [BasePage] By.xpath: //i[@title="Kaldr"]Elementi bulundu. 
2022-08-15 16:18:30,949 INFO  [BasePage] By.xpath: //i[@title="Kaldr"]Elementine scroll islemi uygulandi. 
2022-08-15 16:18:30,949 INFO  [BasePage] By.xpath: //i[@title="Kaldr"]Elementi bulundu. 
2022-08-15 16:18:31,006 INFO  [BasePage] By.xpath: //i[@title="Kaldr"]Elementine tiklandi 
2022-08-15 16:18:33,019 INFO  [BasePage] By.xpath: //div[contains(@style,"20")]Elementi bulundu. 
2022-08-15 16:18:33,050 INFO  [Log] ************* testRemoveFromCart() Test Initiated ************* 
2022-08-15 16:18:33,050 INFO  [Log]               testRemoveFromCart() PASSED 
2022-08-15 16:18:33,050 INFO  [Log] ************* testRemoveFromCart() Test Finished *************
 
2022-08-15 16:18:33,051 INFO  [BasePage] By.xpath: //a[contains(@href,'route=account/account') and @class="common-sprite"]Elementi bulundu. 
2022-08-15 16:18:33,192 INFO  [BasePage] By.xpath: //a[contains(@href,'route=account/account') and @class="common-sprite"]Elementine scroll islemi uygulandi. 
2022-08-15 16:18:33,192 INFO  [BasePage] By.xpath: //a[contains(@href,'route=account/account') and @class="common-sprite"]Elementi bulundu. 
2022-08-15 16:18:33,737 INFO  [BasePage] By.xpath: //a[contains(@href,'route=account/account') and @class="common-sprite"]Elementine tiklandi 
2022-08-15 16:18:33,737 INFO  [BasePage] By.xpath: //a[contains(@href,'address') and @class='highlight-link']Elementi bulundu. 
2022-08-15 16:18:33,875 INFO  [BasePage] By.xpath: //a[contains(@href,'address') and @class='highlight-link']Elementine scroll islemi uygulandi. 
2022-08-15 16:18:33,875 INFO  [BasePage] By.xpath: //a[contains(@href,'address') and @class='highlight-link']Elementi bulundu. 
2022-08-15 16:18:34,354 INFO  [BasePage] By.xpath: //a[contains(@href,'address') and @class='highlight-link']Elementine tiklandi 
2022-08-15 16:18:34,354 INFO  [BasePage] By.xpath: //a[contains(@href,'delete')]Elementler bulundu. 
2022-08-15 16:18:34,906 INFO  [BasePage] By.xpath: //a[contains(@href,'delete')]Elementler bulundu. 
2022-08-15 16:18:34,914 INFO  [Log] ************* testDeleteAddress() Test Initiated ************* 
2022-08-15 16:18:34,914 INFO  [Log]               testDeleteAddress() PASSED 
2022-08-15 16:18:34,914 INFO  [Log] ************* testDeleteAddress() Test Finished *************
 
2022-08-15 16:18:34,916 INFO  [BasePage] By.xpath: //a[contains(@href,'route=account/account') and @class="common-sprite"]Elementi bulundu. 
2022-08-15 16:18:35,042 INFO  [BasePage] By.xpath: //a[contains(@href,'logout')]Elementi bulundu. 
2022-08-15 16:18:36,931 INFO  [BasePage] By.xpath: //a[contains(@href,'login')]Elementi bulundu. 
2022-08-15 16:18:36,958 INFO  [Log] ************* testLogout() Test Initiated ************* 
2022-08-15 16:18:36,958 INFO  [Log]               testLogout() PASSED 
2022-08-15 16:18:36,958 INFO  [Log] ************* testLogout() Test Finished *************
 
2022-08-15 16:21:06,171 INFO  [BasePage] By.xpath: //a[contains(@href,'login')]Elementi bulundu. 
2022-08-15 16:21:06,316 INFO  [BasePage] By.xpath: //a[contains(@href,'login')]Elementine scroll islemi uygulandi. 
2022-08-15 16:21:06,316 INFO  [BasePage] By.xpath: //a[contains(@href,'login')]Elementi bulundu. 
2022-08-15 16:21:07,407 INFO  [BasePage] By.xpath: //a[contains(@href,'login')]Elementine tiklandi 
2022-08-15 16:21:07,408 INFO  [BasePage] By.id: login-emailElementi bulundu. 
2022-08-15 16:21:07,544 INFO  [BasePage] By.id: login-emailElementine scroll islemi uygulandi. 
2022-08-15 16:21:07,544 INFO  [BasePage] By.id: login-emailElementi bulundu. 
2022-08-15 16:21:07,562 INFO  [BasePage] By.id: login-emailElementi bulundu. 
2022-08-15 16:21:07,638 INFO  [BasePage] By.id: login-emailElementine 'kyakut35@gmail.com' yazildi. 
2022-08-15 16:21:07,638 INFO  [BasePage] By.id: login-passwordElementi bulundu. 
2022-08-15 16:21:07,786 INFO  [BasePage] By.id: login-passwordElementine scroll islemi uygulandi. 
2022-08-15 16:21:07,786 INFO  [BasePage] By.id: login-passwordElementi bulundu. 
2022-08-15 16:21:07,817 INFO  [BasePage] By.id: login-passwordElementi bulundu. 
2022-08-15 16:21:07,866 INFO  [BasePage] By.id: login-passwordElementine '12345678' yazildi. 
2022-08-15 16:21:07,866 INFO  [BasePage] By.xpath: //button[contains(@class,'login')]Elementi bulundu. 
2022-08-15 16:21:08,003 INFO  [BasePage] By.xpath: //button[contains(@class,'login')]Elementine scroll islemi uygulandi. 
2022-08-15 16:21:08,003 INFO  [BasePage] By.xpath: //button[contains(@class,'login')]Elementi bulundu. 
2022-08-15 16:21:08,051 INFO  [BasePage] By.xpath: //button[contains(@class,'login')]Elementine tiklandi 
2022-08-15 16:21:10,066 INFO  [Log] ************* testCheckLogin() Test Initiated ************* 
2022-08-15 16:21:10,066 INFO  [Log]               testCheckLogin() PASSED
 
2022-08-15 16:21:13,091 INFO  [BasePage] By.cssSelector: input#search-inputElementi bulundu. 
2022-08-15 16:21:13,233 INFO  [BasePage] By.cssSelector: input#search-inputElementine scroll islemi uygulandi. 
2022-08-15 16:21:13,234 INFO  [BasePage] By.cssSelector: input#search-inputElementi bulundu. 
2022-08-15 16:21:13,271 INFO  [BasePage] By.cssSelector: input#search-inputElementi bulundu. 
2022-08-15 16:21:13,323 INFO  [BasePage] By.cssSelector: input#search-inputElementine 'Felsefe' yazildi. 
2022-08-15 16:21:13,324 INFO  [BasePage] By.xpath: //span[contains(@class,'search')]Elementi bulundu. 
2022-08-15 16:21:13,463 INFO  [BasePage] By.xpath: //span[contains(@class,'search')]Elementine scroll islemi uygulandi. 
2022-08-15 16:21:13,464 INFO  [BasePage] By.xpath: //span[contains(@class,'search')]Elementi bulundu. 
2022-08-15 16:21:14,398 INFO  [BasePage] By.xpath: //span[contains(@class,'search')]Elementine tiklandi 
2022-08-15 16:21:14,408 INFO  [Log] ************* testSearchBook() Test Initiated ************* 
2022-08-15 16:21:14,409 INFO  [Log]               testSearchBook() PASSED
 
2022-08-15 16:21:14,411 INFO  [BasePage] By.xpath: //a[contains(@href,'search&page')]Elementler bulundu. 
2022-08-15 16:21:17,159 INFO  [BasePage] By.xpath: //img[contains(@src,'wi:100')]Elementler bulundu. 
2022-08-15 16:21:20,075 INFO  [BasePage] By.xpath: //div[@class="price__item"]Elementi bulundu. 
2022-08-15 16:21:20,100 INFO  [BasePage] By.xpath: //img[contains(@src,'wi:220')]Elementi bulundu. 
2022-08-15 16:21:20,122 INFO  [Log] ************* testSelectRandomBook() Test Initiated ************* 
2022-08-15 16:21:20,122 INFO  [Log]               testSelectRandomBook() PASSED
 
2022-08-15 16:21:20,122 INFO  [BasePage] By.id: button-cartElementi bulundu. 
2022-08-15 16:21:20,275 INFO  [BasePage] By.id: button-cartElementine scroll islemi uygulandi. 
2022-08-15 16:21:20,275 INFO  [BasePage] By.id: button-cartElementi bulundu. 
2022-08-15 16:21:20,327 INFO  [BasePage] By.id: button-cartElementine tiklandi 
2022-08-15 16:21:22,335 INFO  [BasePage] By.id: cart-itemsElementi bulundu. 
2022-08-15 16:21:22,474 INFO  [BasePage] By.id: cart-itemsElementine scroll islemi uygulandi. 
2022-08-15 16:21:22,474 INFO  [BasePage] By.id: cart-itemsElementi bulundu. 
2022-08-15 16:21:22,510 INFO  [BasePage] By.id: cart-itemsElementine tiklandi 
2022-08-15 16:21:22,510 INFO  [BasePage] By.id: js-cartElementi bulundu. 
2022-08-15 16:21:22,890 INFO  [BasePage] By.id: js-cartElementine scroll islemi uygulandi. 
2022-08-15 16:21:22,890 INFO  [BasePage] By.id: js-cartElementi bulundu. 
2022-08-15 16:21:23,996 INFO  [BasePage] By.id: js-cartElementine tiklandi 
2022-08-15 16:21:25,997 INFO  [BasePage] By.xpath: //span[@class="price-new"]Elementi bulundu. 
2022-08-15 16:21:30,045 INFO  [BasePage] By.xpath: //img[@style="max-height:80px;"]Elementler bulundu. 
2022-08-15 16:21:30,058 INFO  [Log] ************* testAddToCart() Test Initiated ************* 
2022-08-15 16:21:30,059 INFO  [Log]               testAddToCart() PASSED
 
2022-08-15 16:21:30,060 INFO  [BasePage] By.name: quantityElementi bulundu. 
2022-08-15 16:21:30,198 INFO  [BasePage] By.name: quantityElementine scroll islemi uygulandi. 
2022-08-15 16:21:30,199 INFO  [BasePage] By.name: quantityElementi bulundu. 
2022-08-15 16:21:30,234 INFO  [BasePage] By.name: quantityElementi bulundu. 
2022-08-15 16:21:30,271 INFO  [BasePage] By.name: quantityElementine '2' yazildi. 
2022-08-15 16:21:30,271 INFO  [BasePage] By.xpath: //i[contains(@onclick,'cart')]Elementi bulundu. 
2022-08-15 16:21:30,407 INFO  [BasePage] By.xpath: //i[contains(@onclick,'cart')]Elementine scroll islemi uygulandi. 
2022-08-15 16:21:30,407 INFO  [BasePage] By.xpath: //i[contains(@onclick,'cart')]Elementi bulundu. 
2022-08-15 16:21:30,446 INFO  [BasePage] By.xpath: //i[contains(@onclick,'cart')]Elementine tiklandi 
2022-08-15 16:21:32,458 INFO  [BasePage] By.xpath: //input[@value="2"]Elementi bulundu. 
2022-08-15 16:21:32,487 INFO  [BasePage] By.xpath: //a[contains(@href,'route=checkout') and @class="button red"]Elementler bulundu. 
2022-08-15 16:21:32,950 INFO  [Log] ************* testDoubleTheCart() Test Initiated ************* 
2022-08-15 16:21:32,950 INFO  [Log]               testDoubleTheCart() PASSED
 
2022-08-15 16:21:33,965 INFO  [BasePage] By.xpath: //a[contains(@onclick,'new')]Elementi bulundu. 
2022-08-15 16:21:34,103 INFO  [BasePage] By.xpath: //a[contains(@onclick,'new')]Elementine scroll islemi uygulandi. 
2022-08-15 16:21:34,103 INFO  [BasePage] By.xpath: //a[contains(@onclick,'new')]Elementi bulundu. 
2022-08-15 16:21:34,150 INFO  [BasePage] By.xpath: //a[contains(@onclick,'new')]Elementine tiklandi 
2022-08-15 16:21:34,151 INFO  [BasePage] By.name: firstname_companynameElementi bulundu. 
2022-08-15 16:21:34,304 INFO  [BasePage] By.name: firstname_companynameElementine scroll islemi uygulandi. 
2022-08-15 16:21:34,304 INFO  [BasePage] By.name: firstname_companynameElementi bulundu. 
2022-08-15 16:21:34,339 INFO  [BasePage] By.name: firstname_companynameElementi bulundu. 
2022-08-15 16:21:34,392 INFO  [BasePage] By.name: firstname_companynameElementine 'Testinium' yazildi. 
2022-08-15 16:21:34,393 INFO  [BasePage] By.name: lastname_titleElementi bulundu. 
2022-08-15 16:21:34,536 INFO  [BasePage] By.name: lastname_titleElementine scroll islemi uygulandi. 
2022-08-15 16:21:34,536 INFO  [BasePage] By.name: lastname_titleElementi bulundu. 
2022-08-15 16:21:34,572 INFO  [BasePage] By.name: lastname_titleElementi bulundu. 
2022-08-15 16:21:34,621 INFO  [BasePage] By.name: lastname_titleElementine 'Software Testing' yazildi. 
2022-08-15 16:21:34,622 INFO  [BasePage] By.id: address-zone-idElementi bulundu. 
2022-08-15 16:21:34,690 INFO  [BasePage] By.id: address-county-idElementi bulundu. 
2022-08-15 16:21:34,949 INFO  [BasePage] By.id: districtElementi bulundu. 
2022-08-15 16:21:35,098 INFO  [BasePage] By.id: districtElementine scroll islemi uygulandi. 
2022-08-15 16:21:35,098 INFO  [BasePage] By.id: districtElementi bulundu. 
2022-08-15 16:21:35,133 INFO  [BasePage] By.id: districtElementi bulundu. 
2022-08-15 16:21:35,209 INFO  [BasePage] By.id: districtElementine 'SOANLIK YEN MAH' yazildi. 
2022-08-15 16:21:35,209 INFO  [BasePage] By.id: address-address-textElementi bulundu. 
2022-08-15 16:21:35,345 INFO  [BasePage] By.id: address-address-textElementine scroll islemi uygulandi. 
2022-08-15 16:21:35,345 INFO  [BasePage] By.id: address-address-textElementi bulundu. 
2022-08-15 16:21:35,377 INFO  [BasePage] By.id: address-address-textElementi bulundu. 
2022-08-15 16:21:35,444 INFO  [BasePage] By.id: address-address-textElementine 'Testinium Merkez Bina' yazildi. 
2022-08-15 16:21:35,444 INFO  [BasePage] By.id: address-postcodeElementi bulundu. 
2022-08-15 16:21:35,596 INFO  [BasePage] By.id: address-postcodeElementine scroll islemi uygulandi. 
2022-08-15 16:21:35,596 INFO  [BasePage] By.id: address-postcodeElementi bulundu. 
2022-08-15 16:21:35,628 INFO  [BasePage] By.id: address-postcodeElementi bulundu. 
2022-08-15 16:21:35,678 INFO  [BasePage] By.id: address-postcodeElementine '34870' yazildi. 
2022-08-15 16:21:35,678 INFO  [BasePage] By.id: address-mobile-telephoneElementi bulundu. 
2022-08-15 16:21:35,814 INFO  [BasePage] By.id: address-mobile-telephoneElementine scroll islemi uygulandi. 
2022-08-15 16:21:35,814 INFO  [BasePage] By.id: address-mobile-telephoneElementi bulundu. 
2022-08-15 16:21:35,845 INFO  [BasePage] By.id: address-mobile-telephoneElementi bulundu. 
2022-08-15 16:21:35,894 INFO  [BasePage] By.id: address-mobile-telephoneElementine '5301234562' yazildi. 
2022-08-15 16:21:35,894 INFO  [BasePage] By.id: address-telephoneElementi bulundu. 
2022-08-15 16:21:36,029 INFO  [BasePage] By.id: address-telephoneElementine scroll islemi uygulandi. 
2022-08-15 16:21:36,029 INFO  [BasePage] By.id: address-telephoneElementi bulundu. 
2022-08-15 16:21:36,060 INFO  [BasePage] By.id: address-telephoneElementi bulundu. 
2022-08-15 16:21:36,110 INFO  [BasePage] By.id: address-telephoneElementine '2121234562' yazildi. 
2022-08-15 16:21:36,110 INFO  [BasePage] By.id: address_type_2Elementi bulundu. 
2022-08-15 16:21:36,252 INFO  [BasePage] By.id: address_type_2Elementine scroll islemi uygulandi. 
2022-08-15 16:21:36,252 INFO  [BasePage] By.id: address_type_2Elementi bulundu. 
2022-08-15 16:21:36,335 INFO  [BasePage] By.id: address_type_2Elementine tiklandi 
2022-08-15 16:21:39,336 INFO  [BasePage] By.name: company_idElementi bulundu. 
2022-08-15 16:21:39,478 INFO  [BasePage] By.name: company_idElementine scroll islemi uygulandi. 
2022-08-15 16:21:39,478 INFO  [BasePage] By.name: company_idElementi bulundu. 
2022-08-15 16:21:39,540 INFO  [BasePage] By.name: company_idElementi bulundu. 
2022-08-15 16:21:39,601 INFO  [BasePage] By.name: company_idElementine 'Kartal Vergi Dairesi' yazildi. 
2022-08-15 16:21:39,602 INFO  [BasePage] By.name: tax_idElementi bulundu. 
2022-08-15 16:21:39,742 INFO  [BasePage] By.name: tax_idElementine scroll islemi uygulandi. 
2022-08-15 16:21:39,742 INFO  [BasePage] By.name: tax_idElementi bulundu. 
2022-08-15 16:21:39,773 INFO  [BasePage] By.name: tax_idElementi bulundu. 
2022-08-15 16:21:39,823 INFO  [BasePage] By.name: tax_idElementine '1234567890' yazildi. 
2022-08-15 16:21:41,825 INFO  [BasePage] By.id: button-checkout-continueElementi bulundu. 
2022-08-15 16:21:41,960 INFO  [BasePage] By.id: button-checkout-continueElementine scroll islemi uygulandi. 
2022-08-15 16:21:41,960 INFO  [BasePage] By.id: button-checkout-continueElementi bulundu. 
2022-08-15 16:21:41,998 INFO  [BasePage] By.id: button-checkout-continueElementine tiklandi 
2022-08-15 16:21:43,022 INFO  [Log] ************* testAddAddress() Test Initiated ************* 
2022-08-15 16:21:43,022 INFO  [Log]               testAddAddress() PASSED
 
2022-08-15 16:21:45,038 INFO  [BasePage] By.xpath: //input[@value="23-non"]Elementi bulundu. 
2022-08-15 16:21:45,171 INFO  [BasePage] By.xpath: //input[@value="23-non"]Elementine scroll islemi uygulandi. 
2022-08-15 16:21:45,171 INFO  [BasePage] By.xpath: //input[@value="23-non"]Elementi bulundu. 
2022-08-15 16:21:45,231 INFO  [BasePage] By.xpath: //input[@value="23-non"]Elementine tiklandi 
2022-08-15 16:21:45,231 INFO  [BasePage] By.id: button-checkout-continueElementi bulundu. 
2022-08-15 16:21:45,354 INFO  [BasePage] By.id: button-checkout-continueElementine scroll islemi uygulandi. 
2022-08-15 16:21:45,354 INFO  [BasePage] By.id: button-checkout-continueElementi bulundu. 
2022-08-15 16:21:45,418 INFO  [BasePage] By.id: button-checkout-continueElementine tiklandi 
2022-08-15 16:21:47,437 INFO  [Log] ************* testSelectShipmentCompany() Test Initiated ************* 
2022-08-15 16:21:47,437 INFO  [Log]               testSelectShipmentCompany() PASSED
 
2022-08-15 16:21:49,458 INFO  [BasePage] By.id: cart-headerElementi bulundu. 
2022-08-15 16:21:49,586 INFO  [BasePage] By.id: cart-headerElementine scroll islemi uygulandi. 
2022-08-15 16:21:49,586 INFO  [BasePage] By.id: cart-headerElementi bulundu. 
2022-08-15 16:21:50,141 INFO  [BasePage] By.id: cart-headerElementine tiklandi 
2022-08-15 16:21:52,145 INFO  [BasePage] By.xpath: //i[@title="Kaldr"]Elementi bulundu. 
2022-08-15 16:21:52,275 INFO  [BasePage] By.xpath: //i[@title="Kaldr"]Elementine scroll islemi uygulandi. 
2022-08-15 16:21:52,275 INFO  [BasePage] By.xpath: //i[@title="Kaldr"]Elementi bulundu. 
2022-08-15 16:21:52,329 INFO  [BasePage] By.xpath: //i[@title="Kaldr"]Elementine tiklandi 
2022-08-15 16:21:54,343 INFO  [BasePage] By.xpath: //div[contains(@style,"20")]Elementi bulundu. 
2022-08-15 16:21:54,374 INFO  [Log] ************* testRemoveFromCart() Test Initiated ************* 
2022-08-15 16:21:54,374 INFO  [Log]               testRemoveFromCart() PASSED
 
2022-08-15 16:21:54,376 INFO  [BasePage] By.xpath: //a[contains(@href,'route=account/account') and @class="common-sprite"]Elementi bulundu. 
2022-08-15 16:21:54,517 INFO  [BasePage] By.xpath: //a[contains(@href,'route=account/account') and @class="common-sprite"]Elementine scroll islemi uygulandi. 
2022-08-15 16:21:54,518 INFO  [BasePage] By.xpath: //a[contains(@href,'route=account/account') and @class="common-sprite"]Elementi bulundu. 
2022-08-15 16:21:55,265 INFO  [BasePage] By.xpath: //a[contains(@href,'route=account/account') and @class="common-sprite"]Elementine tiklandi 
2022-08-15 16:21:55,265 INFO  [BasePage] By.xpath: //a[contains(@href,'address') and @class='highlight-link']Elementi bulundu. 
2022-08-15 16:21:55,422 INFO  [BasePage] By.xpath: //a[contains(@href,'address') and @class='highlight-link']Elementine scroll islemi uygulandi. 
2022-08-15 16:21:55,422 INFO  [BasePage] By.xpath: //a[contains(@href,'address') and @class='highlight-link']Elementi bulundu. 
2022-08-15 16:21:55,959 INFO  [BasePage] By.xpath: //a[contains(@href,'address') and @class='highlight-link']Elementine tiklandi 
2022-08-15 16:21:55,959 INFO  [BasePage] By.xpath: //a[contains(@href,'delete')]Elementler bulundu. 
2022-08-15 16:21:56,615 INFO  [BasePage] By.xpath: //a[contains(@href,'delete')]Elementler bulundu. 
2022-08-15 16:21:56,625 INFO  [Log] ************* testDeleteAddress() Test Initiated ************* 
2022-08-15 16:21:56,625 INFO  [Log]               testDeleteAddress() PASSED
 
2022-08-15 16:21:56,626 INFO  [BasePage] By.xpath: //a[contains(@href,'route=account/account') and @class="common-sprite"]Elementi bulundu. 
2022-08-15 16:21:56,756 INFO  [BasePage] By.xpath: //a[contains(@href,'logout')]Elementi bulundu. 
2022-08-15 16:21:59,453 INFO  [BasePage] By.xpath: //a[contains(@href,'login')]Elementi bulundu. 
2022-08-15 16:21:59,477 INFO  [Log] ************* testLogout() Test Initiated ************* 
2022-08-15 16:21:59,477 INFO  [Log]               testLogout() PASSED
 
